2.0088 	WARNING 	We strongly recommend you activate the PTB sound engine in PsychoPy prefs as the preferred audio engine. Its timing is vastly superior. Your prefs are currently set to use ['sounddevice', 'PTB', 'pyo', 'pygame'] (in that order).
6.7218 	EXP 	Created window1 = Window(allowGUI=False, allowStencil=False, autoLog=True, backendConf=UNKNOWN, bitsMode=UNKNOWN, blendMode='avg', bpc=(8, 8, 8), color=array([1, 1, 1]), colorSpace='rgb', depthBits=8, fullscr=<method-wrapper '__getattribute__' of attributeSetter object at 0x0000027C2C1D16A0>, gamma=None, gammaErrorPolicy='raise', lms=UNKNOWN, monitor=<psychopy.monitors.calibTools.Monitor object at 0x0000027C2C1B7AC8>, multiSample=False, name='window1', numSamples=2, pos=[0.0, 0.0], screen=1, size=array([3440, 1440]), stencilBits=0, stereo=False, units='height', useFBO=True, useRetina=False, viewOri=0.0, viewPos=None, viewScale=None, waitBlanking=True, winType='pyglet')
6.7223 	EXP 	window1: mouseVisible = True
6.7224 	EXP 	window1: recordFrameIntervals = False
6.8881 	EXP 	window1: recordFrameIntervals = True
7.0716 	EXP 	window1: recordFrameIntervals = False
7.6682 	EXP 	Created text_3 = TextStim(__class__=<class 'psychopy.visual.text.TextStim'>, alignHoriz=method-wrapper(...), alignText='center', alignVert=method-wrapper(...), anchorHoriz='center', anchorVert='center', antialias=True, autoLog=True, bold=False, color=array([-1., -1., -1.]), colorSpace='rgb', contrast=1.0, depth=0.0, flipHoriz=False, flipVert=False, font='Open Sans', fontFiles=[], height=0.05, italic=False, languageStyle='LTR', name='text_3', opacity=1, ori=0.0, pos=array([0., 0.]), rgb=UNKNOWN, text=str(...), units='height', win=Window(...), wrapWidth=1)
8.1253 	EXP 	Created image = ImageStim(__class__=<class 'psychopy.visual.image.ImageStim'>, autoLog=True, color=array([1., 1., 1.]), colorSpace='rgb', contrast=1.0, depth=0.0, flipHoriz=False, flipVert=False, image='imgs/1_1.png', interpolate=True, mask=None, maskParams=None, name='image', opacity=1, ori=0.0, pos=array([0., 0.]), size=array([0.5, 0.5]), texRes=128.0, units='height', win=Window(...))
8.5800 	EXP 	Created image_2 = ImageStim(__class__=<class 'psychopy.visual.image.ImageStim'>, autoLog=True, color=array([1., 1., 1.]), colorSpace='rgb', contrast=1.0, depth=0.0, flipHoriz=False, flipVert=False, image='imgs/2_1.png', interpolate=True, mask=None, maskParams=None, name='image_2', opacity=1, ori=0.0, pos=array([0., 0.]), size=array([0.5, 0.5]), texRes=128.0, units='height', win=Window(...))
9.0304 	EXP 	Created image_3 = ImageStim(__class__=<class 'psychopy.visual.image.ImageStim'>, autoLog=True, color=array([1., 1., 1.]), colorSpace='rgb', contrast=1.0, depth=0.0, flipHoriz=False, flipVert=False, image='imgs/3_1.png', interpolate=True, mask=None, maskParams=None, name='image_3', opacity=1, ori=0.0, pos=array([0., 0.]), size=array([0.5, 0.5]), texRes=128.0, units='height', win=Window(...))
9.4869 	EXP 	Created image_4 = ImageStim(__class__=<class 'psychopy.visual.image.ImageStim'>, autoLog=True, color=array([1., 1., 1.]), colorSpace='rgb', contrast=1.0, depth=0.0, flipHoriz=False, flipVert=False, image='imgs/4_1.png', interpolate=True, mask=None, maskParams=None, name='image_4', opacity=1, ori=0.0, pos=array([0., 0.]), size=array([0.5, 0.5]), texRes=128.0, units='height', win=Window(...))
9.5056 	EXP 	Created text = TextStim(__class__=<class 'psychopy.visual.text.TextStim'>, alignHoriz=method-wrapper(...), alignText='center', alignVert=method-wrapper(...), anchorHoriz='center', anchorVert='center', antialias=True, autoLog=True, bold=False, color=array([-1., -1., -1.]), colorSpace='rgb', contrast=1.0, depth=0.0, flipHoriz=False, flipVert=False, font='Open Sans', fontFiles=[], height=0.05, italic=False, languageStyle='LTR', name='text', opacity=1, ori=0.0, pos=array([0., 0.]), rgb=UNKNOWN, text=str(...), units='height', win=Window(...), wrapWidth=1)
9.9693 	EXP 	Created image_5 = ImageStim(__class__=<class 'psychopy.visual.image.ImageStim'>, autoLog=True, color=array([1., 1., 1.]), colorSpace='rgb', contrast=1.0, depth=-2.0, flipHoriz=False, flipVert=False, image='imgs/1_2.png', interpolate=True, mask=None, maskParams=None, name='image_5', opacity=1, ori=0.0, pos=array([0., 0.]), size=array([0.5, 0.5]), texRes=128.0, units='height', win=Window(...))
10.4271 	EXP 	Created image_6 = ImageStim(__class__=<class 'psychopy.visual.image.ImageStim'>, autoLog=True, color=array([1., 1., 1.]), colorSpace='rgb', contrast=1.0, depth=-3.0, flipHoriz=False, flipVert=False, image='imgs/2_2.png', interpolate=True, mask=None, maskParams=None, name='image_6', opacity=1, ori=0.0, pos=array([0., 0.]), size=array([0.5, 0.5]), texRes=128.0, units='height', win=Window(...))
10.8377 	EXP 	Created image_7 = ImageStim(__class__=<class 'psychopy.visual.image.ImageStim'>, autoLog=True, color=array([1., 1., 1.]), colorSpace='rgb', contrast=1.0, depth=-4.0, flipHoriz=False, flipVert=False, image='imgs/3_2.png', interpolate=True, mask=None, maskParams=None, name='image_7', opacity=1, ori=0.0, pos=array([0., 0.]), size=array([0.5, 0.5]), texRes=128.0, units='height', win=Window(...))
11.3088 	EXP 	Created image_8 = ImageStim(__class__=<class 'psychopy.visual.image.ImageStim'>, autoLog=True, color=array([1., 1., 1.]), colorSpace='rgb', contrast=1.0, depth=-5.0, flipHoriz=False, flipVert=False, image='imgs/4_2.png', interpolate=True, mask=None, maskParams=None, name='image_8', opacity=1, ori=0.0, pos=array([0., 0.]), size=array([0.5, 0.5]), texRes=128.0, units='height', win=Window(...))
11.3151 	EXP 	Created polygon = ShapeStim(__class__=<class 'psychopy.visual.shape.ShapeStim'>, autoDraw=False, autoLog=True, closeShape=True, color=method-wrapper(...), colorSpace='rgb', contrast=None, depth=-1.0, fillColor=array([1, 1, 1]), fillColorSpace='rgb', fillRGB=array([1, 1, 1]), interpolate=True, lineColor=array([1., 1., 1.]), lineColorSpace='rgb', lineRGB=array([1, 1, 1]), lineWidth=1.0, name='polygon', opacity=1, ori=0.0, pos=array([0., 0.]), size=array([0.01, 0.01]), units='height', vertices=ndarray(...), win=Window(...), windingRule=None)
11.3222 	EXP 	Created stim = ImageStim(__class__=<class 'psychopy.visual.image.ImageStim'>, autoLog=True, color=array([1., 1., 1.]), colorSpace='rgb', contrast=1.0, depth=-2.0, flipHoriz=False, flipVert=False, image='sin', interpolate=True, mask=None, maskParams=None, name='stim', opacity=1, ori=0.0, pos=array([0., 0.]), size=array([0.5, 0.5]), texRes=128.0, units='height', win=Window(...))
11.3264 	EXP 	Created mask = ImageStim(__class__=<class 'psychopy.visual.image.ImageStim'>, autoLog=True, color=array([1., 1., 1.]), colorSpace='rgb', contrast=1.0, depth=-3.0, flipHoriz=False, flipVert=False, image='sin', interpolate=True, mask=None, maskParams=None, name='mask', opacity=1, ori=0.0, pos=array([0., 0.]), size=array([0.5, 0.5]), texRes=128.0, units='height', win=Window(...))
11.3419 	EXP 	Created text_2 = TextStim(__class__=<class 'psychopy.visual.text.TextStim'>, alignHoriz=method-wrapper(...), alignText='center', alignVert=method-wrapper(...), anchorHoriz='center', anchorVert='center', antialias=True, autoLog=True, bold=False, color=array([1., 1., 1.]), colorSpace='rgb', contrast=1.0, depth=0.0, flipHoriz=False, flipVert=False, font='Open Sans', fontFiles=[], height=0.1, italic=False, languageStyle='LTR', name='text_2', opacity=1, ori=0.0, pos=array([0., 0.]), rgb=UNKNOWN, text='Thank You!!', units='height', win=Window(...), wrapWidth=1)
11.4379 	EXP 	text_3: autoDraw = True
12.0805 	DATA 	Keypress: equal
12.0902 	EXP 	text_3: autoDraw = False
12.0902 	EXP 	image: autoDraw = True
13.3140 	DATA 	Keypress: q
13.3241 	EXP 	image: autoDraw = False
13.3241 	EXP 	image_2: autoDraw = True
13.5471 	DATA 	Keypress: e
13.5576 	EXP 	image_2: autoDraw = False
13.5576 	EXP 	image_3: autoDraw = True
13.8448 	DATA 	Keypress: d
13.8744 	EXP 	image_3: autoDraw = False
13.8744 	EXP 	image_4: autoDraw = True
14.0482 	DATA 	Keypress: a
14.0577 	EXP 	image_4: autoDraw = False
14.0577 	EXP 	text: autoDraw = True
14.0577 	EXP 	image_5: autoDraw = True
14.0577 	EXP 	image_6: autoDraw = True
14.0577 	EXP 	image_7: autoDraw = True
14.0577 	EXP 	image_8: autoDraw = True
14.0744 	EXP 	image_5: autoDraw = False
14.0744 	EXP 	image_6: autoDraw = False
14.0744 	EXP 	image_7: autoDraw = False
14.0744 	EXP 	image_8: autoDraw = False
15.6462 	EXP 	Created sequence: sequential, trialTypes=1, nReps=10, seed=None
15.6464 	EXP 	New trial (rep=0, index=0): None
16.1082 	DATA 	Keypress: equal
16.1260 	EXP 	text: autoDraw = False
16.1260 	EXP 	image_5: autoDraw = False
16.1260 	EXP 	image_6: autoDraw = False
16.1260 	EXP 	image_7: autoDraw = False
16.1260 	EXP 	image_8: autoDraw = False
16.1260 	EXP 	stim: image = 'imgs/3_1.png'
16.1260 	EXP 	mask: image = 'imgs/3_2.png'
16.1260 	EXP 	polygon: autoDraw = True
17.1091 	EXP 	stim: autoDraw = True
17.1257 	EXP 	polygon: autoDraw = False
17.1424 	EXP 	stim: autoDraw = False
17.2925 	EXP 	mask: autoDraw = True
17.3258 	EXP 	mask: autoDraw = False
18.0474 	EXP 	New trial (rep=1, index=0): None
18.1633 	DATA 	Keypress: e
18.1765 	EXP 	polygon: autoDraw = False
18.1765 	EXP 	stim: autoDraw = False
18.1765 	EXP 	mask: autoDraw = False
18.1765 	EXP 	stim: image = 'imgs/3_1.png'
18.1765 	EXP 	mask: image = 'imgs/3_2.png'
18.1765 	EXP 	polygon: autoDraw = True
19.1600 	EXP 	stim: autoDraw = True
19.1767 	EXP 	polygon: autoDraw = False
19.1933 	EXP 	stim: autoDraw = False
19.3267 	EXP 	mask: autoDraw = True
19.3600 	EXP 	mask: autoDraw = False
19.7480 	EXP 	New trial (rep=2, index=0): None
19.8602 	DATA 	Keypress: d
19.8769 	EXP 	polygon: autoDraw = False
19.8769 	EXP 	stim: autoDraw = False
19.8769 	EXP 	mask: autoDraw = False
19.8769 	EXP 	stim: image = 'imgs/3_1.png'
19.8769 	EXP 	mask: image = 'imgs/3_2.png'
19.8769 	EXP 	polygon: autoDraw = True
20.8606 	EXP 	stim: autoDraw = True
20.8773 	EXP 	polygon: autoDraw = False
20.8940 	EXP 	stim: autoDraw = False
21.0608 	EXP 	mask: autoDraw = True
21.0941 	EXP 	mask: autoDraw = False
21.6321 	EXP 	New trial (rep=3, index=0): None
22.1362 	DATA 	Keypress: d
22.1449 	EXP 	polygon: autoDraw = False
22.1449 	EXP 	stim: autoDraw = False
22.1449 	EXP 	mask: autoDraw = False
22.1449 	EXP 	stim: image = 'imgs/1_1.png'
22.1449 	EXP 	mask: image = 'imgs/1_2.png'
22.1449 	EXP 	polygon: autoDraw = True
23.1283 	EXP 	stim: autoDraw = True
23.1450 	EXP 	polygon: autoDraw = False
23.1617 	EXP 	stim: autoDraw = False
23.2617 	EXP 	mask: autoDraw = True
23.2951 	EXP 	mask: autoDraw = False
23.7661 	EXP 	New trial (rep=4, index=0): None
23.8782 	DATA 	Keypress: q
23.8956 	EXP 	polygon: autoDraw = False
23.8956 	EXP 	stim: autoDraw = False
23.8956 	EXP 	mask: autoDraw = False
23.8956 	EXP 	stim: image = 'imgs/2_1.png'
23.8956 	EXP 	mask: image = 'imgs/2_2.png'
23.8956 	EXP 	polygon: autoDraw = True
24.8790 	EXP 	stim: autoDraw = True
24.8957 	EXP 	polygon: autoDraw = False
24.9124 	EXP 	stim: autoDraw = False
25.0625 	EXP 	mask: autoDraw = True
25.0958 	EXP 	mask: autoDraw = False
25.4165 	DATA 	Keypress: escape
25.5384 	EXP 	window1: mouseVisible = True
