1.8940 	WARNING 	We strongly recommend you activate the PTB sound engine in PsychoPy prefs as the preferred audio engine. Its timing is vastly superior. Your prefs are currently set to use ['sounddevice', 'PTB', 'pyo', 'pygame'] (in that order).
7.2559 	EXP 	Created window1 = Window(allowGUI=False, allowStencil=False, autoLog=True, backendConf=UNKNOWN, bitsMode=UNKNOWN, blendMode='avg', bpc=(8, 8, 8), color='ffffff', colorSpace='hex', depthBits=8, fullscr=<method-wrapper '__getattribute__' of attributeSetter object at 0x000001FBB8C9D2E8>, gamma=None, gammaErrorPolicy='raise', lms=UNKNOWN, monitor=<psychopy.monitors.calibTools.Monitor object at 0x000001FBB8D1C710>, multiSample=False, name='window1', numSamples=2, pos=[0.0, 0.0], screen=1, size=array([3440, 1440]), stencilBits=0, stereo=False, units='height', useFBO=True, useRetina=False, viewOri=0.0, viewPos=None, viewScale=None, waitBlanking=True, winType='pyglet')
7.2565 	EXP 	window1: mouseVisible = True
7.2565 	EXP 	window1: recordFrameIntervals = False
7.4222 	EXP 	window1: recordFrameIntervals = True
7.6059 	EXP 	window1: recordFrameIntervals = False
8.0985 	DEPRECATION 	'0,0,0' is not a valid rgb color
8.2241 	EXP 	Created text_3 = TextStim(__class__=<class 'psychopy.visual.text.TextStim'>, alignHoriz=method-wrapper(...), alignText='center', alignVert=method-wrapper(...), anchorHoriz='center', anchorVert='center', antialias=True, autoLog=True, bold=False, color=array([0., 0., 0.]), colorSpace='rgb', contrast=1.0, depth=0.0, flipHoriz=False, flipVert=False, font='Open Sans', fontFiles=[], height=0.1, italic=False, languageStyle='LTR', name='text_3', opacity=0, ori=0.0, pos=array([0., 0.]), rgb=UNKNOWN, text=str(...), units='height', win=Window(...), wrapWidth=1)
8.7722 	EXP 	Created image = ImageStim(__class__=<class 'psychopy.visual.image.ImageStim'>, autoLog=True, color=array([1., 1., 1.]), colorSpace='rgb', contrast=1.0, depth=0.0, flipHoriz=False, flipVert=False, image='imgs/1_1.png', interpolate=True, mask=None, maskParams=None, name='image', opacity=1, ori=0.0, pos=array([0., 0.]), size=array([0.5, 0.5]), texRes=128.0, units='height', win=Window(...))
9.2519 	EXP 	Created image_2 = ImageStim(__class__=<class 'psychopy.visual.image.ImageStim'>, autoLog=True, color=array([1., 1., 1.]), colorSpace='rgb', contrast=1.0, depth=0.0, flipHoriz=False, flipVert=False, image='imgs/2_1.png', interpolate=True, mask=None, maskParams=None, name='image_2', opacity=1, ori=0.0, pos=array([0., 0.]), size=array([0.5, 0.5]), texRes=128.0, units='height', win=Window(...))
9.7277 	EXP 	Created image_3 = ImageStim(__class__=<class 'psychopy.visual.image.ImageStim'>, autoLog=True, color=array([1., 1., 1.]), colorSpace='rgb', contrast=1.0, depth=0.0, flipHoriz=False, flipVert=False, image='imgs/3_1.png', interpolate=True, mask=None, maskParams=None, name='image_3', opacity=1, ori=0.0, pos=array([0., 0.]), size=array([0.5, 0.5]), texRes=128.0, units='height', win=Window(...))
10.2131 	EXP 	Created image_4 = ImageStim(__class__=<class 'psychopy.visual.image.ImageStim'>, autoLog=True, color=array([1., 1., 1.]), colorSpace='rgb', contrast=1.0, depth=0.0, flipHoriz=False, flipVert=False, image='imgs/4_1.png', interpolate=True, mask=None, maskParams=None, name='image_4', opacity=1, ori=0.0, pos=array([0., 0.]), size=array([0.5, 0.5]), texRes=128.0, units='height', win=Window(...))
10.2465 	EXP 	Created text = TextStim(__class__=<class 'psychopy.visual.text.TextStim'>, alignHoriz=method-wrapper(...), alignText='center', alignVert=method-wrapper(...), anchorHoriz='center', anchorVert='center', antialias=True, autoLog=True, bold=False, color=array([1., 1., 1.]), colorSpace='rgb', contrast=1.0, depth=0.0, flipHoriz=False, flipVert=False, font='Open Sans', fontFiles=[], height=0.05, italic=False, languageStyle='LTR', name='text', opacity=1, ori=0.0, pos=array([0., 0.]), rgb=UNKNOWN, text=str(...), units='height', win=Window(...), wrapWidth=1)
10.2539 	EXP 	Created polygon = ShapeStim(__class__=<class 'psychopy.visual.shape.ShapeStim'>, autoDraw=False, autoLog=True, closeShape=True, color=method-wrapper(...), colorSpace='rgb', contrast=None, depth=-1.0, fillColor=array([1, 1, 1]), fillColorSpace='rgb', fillRGB=array([1, 1, 1]), interpolate=True, lineColor=array([1., 1., 1.]), lineColorSpace='rgb', lineRGB=array([1, 1, 1]), lineWidth=1.0, name='polygon', opacity=1, ori=0.0, pos=array([0., 0.]), size=array([0.01, 0.01]), units='height', vertices=ndarray(...), win=Window(...), windingRule=None)
10.2610 	EXP 	Created stim = ImageStim(__class__=<class 'psychopy.visual.image.ImageStim'>, autoLog=True, color=array([1., 1., 1.]), colorSpace='rgb', contrast=1.0, depth=-2.0, flipHoriz=False, flipVert=False, image='sin', interpolate=True, mask=None, maskParams=None, name='stim', opacity=1, ori=0.0, pos=array([0., 0.]), size=array([0.5, 0.5]), texRes=128.0, units='height', win=Window(...))
10.2666 	EXP 	Created mask = ImageStim(__class__=<class 'psychopy.visual.image.ImageStim'>, autoLog=True, color=array([1., 1., 1.]), colorSpace='rgb', contrast=1.0, depth=-3.0, flipHoriz=False, flipVert=False, image='sin', interpolate=True, mask=None, maskParams=None, name='mask', opacity=1, ori=0.0, pos=array([0., 0.]), size=array([0.5, 0.5]), texRes=128.0, units='height', win=Window(...))
10.2769 	EXP 	Created text_2 = TextStim(__class__=<class 'psychopy.visual.text.TextStim'>, alignHoriz=method-wrapper(...), alignText='center', alignVert=method-wrapper(...), anchorHoriz='center', anchorVert='center', antialias=True, autoLog=True, bold=False, color=array([1., 1., 1.]), colorSpace='rgb', contrast=1.0, depth=0.0, flipHoriz=False, flipVert=False, font='Open Sans', fontFiles=[], height=0.1, italic=False, languageStyle='LTR', name='text_2', opacity=1, ori=0.0, pos=array([0., 0.]), rgb=UNKNOWN, text='Thank You!!', units='height', win=Window(...), wrapWidth=1)
10.3073 	DATA 	Mouse: Left button down, pos=(2728,679)
10.3077 	DATA 	Mouse:  Left button up, pos=(2728,679)
10.3081 	DATA 	Keypress: equal
10.4077 	EXP 	text_3: autoDraw = True
11.4143 	DATA 	Keypress: equal
11.4239 	EXP 	text_3: autoDraw = False
11.4239 	EXP 	image: autoDraw = True
13.2479 	DATA 	Keypress: q
13.2580 	EXP 	image: autoDraw = False
13.2580 	EXP 	image_2: autoDraw = True
13.8309 	DATA 	Keypress: e
13.8416 	EXP 	image_2: autoDraw = False
13.8416 	EXP 	image_3: autoDraw = True
14.6983 	DATA 	Keypress: d
14.7087 	EXP 	image_3: autoDraw = False
14.7087 	EXP 	image_4: autoDraw = True
15.4967 	DATA 	Keypress: a
15.5256 	EXP 	image_4: autoDraw = False
15.5256 	EXP 	text: autoDraw = True
18.3807 	EXP 	Created sequence: sequential, trialTypes=1, nReps=100, seed=None
18.3812 	EXP 	New trial (rep=0, index=0): None
18.9248 	DATA 	Keypress: equal
18.9275 	EXP 	text: autoDraw = False
18.9275 	EXP 	stim: image = 'imgs/1_1.png'
18.9275 	EXP 	mask: image = 'imgs/1_2.png'
18.9275 	EXP 	polygon: autoDraw = True
19.9276 	EXP 	polygon: autoDraw = False
19.9276 	EXP 	stim: autoDraw = True
19.9609 	EXP 	stim: autoDraw = False
20.0109 	EXP 	mask: autoDraw = True
20.0443 	EXP 	mask: autoDraw = False
25.4535 	EXP 	New trial (rep=1, index=0): None
25.5789 	DATA 	Keypress: q
25.5966 	EXP 	polygon: autoDraw = False
25.5966 	EXP 	stim: autoDraw = False
25.5966 	EXP 	mask: autoDraw = False
25.5966 	EXP 	stim: image = 'imgs/4_1.png'
25.5966 	EXP 	mask: image = 'imgs/4_2.png'
25.5966 	EXP 	polygon: autoDraw = True
26.5803 	EXP 	stim: autoDraw = True
26.5971 	EXP 	polygon: autoDraw = False
26.6137 	EXP 	stim: autoDraw = False
26.6471 	EXP 	mask: autoDraw = True
26.6804 	EXP 	mask: autoDraw = False
27.7880 	EXP 	New trial (rep=2, index=0): None
28.3079 	DATA 	Keypress: a
28.3147 	EXP 	polygon: autoDraw = False
28.3147 	EXP 	stim: autoDraw = False
28.3147 	EXP 	mask: autoDraw = False
28.3147 	EXP 	stim: image = 'imgs/3_1.png'
28.3147 	EXP 	mask: image = 'imgs/3_2.png'
28.3147 	EXP 	polygon: autoDraw = True
29.2982 	EXP 	stim: autoDraw = True
29.3150 	EXP 	polygon: autoDraw = False
29.3316 	EXP 	stim: autoDraw = False
29.4984 	EXP 	mask: autoDraw = True
29.5317 	EXP 	mask: autoDraw = False
30.5362 	DATA 	Keypress: escape
30.6903 	EXP 	window1: mouseVisible = True
