2.0323 	WARNING 	We strongly recommend you activate the PTB sound engine in PsychoPy prefs as the preferred audio engine. Its timing is vastly superior. Your prefs are currently set to use ['sounddevice', 'PTB', 'pyo', 'pygame'] (in that order).
6.5301 	EXP 	Created window1 = Window(allowGUI=False, allowStencil=False, autoLog=True, backendConf=UNKNOWN, bitsMode=UNKNOWN, blendMode='avg', bpc=(8, 8, 8), color=array([1, 1, 1]), colorSpace='rgb', depthBits=8, fullscr=<method-wrapper '__getattribute__' of attributeSetter object at 0x000001A4E3CF16A0>, gamma=None, gammaErrorPolicy='raise', lms=UNKNOWN, monitor=<psychopy.monitors.calibTools.Monitor object at 0x000001A4E3CDAAC8>, multiSample=False, name='window1', numSamples=2, pos=[0.0, 0.0], screen=1, size=array([3440, 1440]), stencilBits=0, stereo=False, units='height', useFBO=True, useRetina=False, viewOri=0.0, viewPos=None, viewScale=None, waitBlanking=True, winType='pyglet')
6.5307 	EXP 	window1: mouseVisible = True
6.5307 	EXP 	window1: recordFrameIntervals = False
6.6963 	EXP 	window1: recordFrameIntervals = True
6.8800 	EXP 	window1: recordFrameIntervals = False
7.4953 	EXP 	Created text_3 = TextStim(__class__=<class 'psychopy.visual.text.TextStim'>, alignHoriz=method-wrapper(...), alignText='center', alignVert=method-wrapper(...), anchorHoriz='center', anchorVert='center', antialias=True, autoLog=True, bold=False, color=array([-1., -1., -1.]), colorSpace='rgb', contrast=1.0, depth=0.0, flipHoriz=False, flipVert=False, font='Open Sans', fontFiles=[], height=0.05, italic=False, languageStyle='LTR', name='text_3', opacity=1, ori=0.0, pos=array([0., 0.]), rgb=UNKNOWN, text=str(...), units='height', win=Window(...), wrapWidth=1)
7.9727 	EXP 	Created image = ImageStim(__class__=<class 'psychopy.visual.image.ImageStim'>, autoLog=True, color=array([1., 1., 1.]), colorSpace='rgb', contrast=1.0, depth=0.0, flipHoriz=False, flipVert=False, image='imgs/1_1.png', interpolate=True, mask=None, maskParams=None, name='image', opacity=1, ori=0.0, pos=array([0., 0.]), size=array([0.5, 0.5]), texRes=128.0, units='height', win=Window(...))
8.4350 	EXP 	Created image_2 = ImageStim(__class__=<class 'psychopy.visual.image.ImageStim'>, autoLog=True, color=array([1., 1., 1.]), colorSpace='rgb', contrast=1.0, depth=0.0, flipHoriz=False, flipVert=False, image='imgs/2_1.png', interpolate=True, mask=None, maskParams=None, name='image_2', opacity=1, ori=0.0, pos=array([0., 0.]), size=array([0.5, 0.5]), texRes=128.0, units='height', win=Window(...))
8.8991 	EXP 	Created image_3 = ImageStim(__class__=<class 'psychopy.visual.image.ImageStim'>, autoLog=True, color=array([1., 1., 1.]), colorSpace='rgb', contrast=1.0, depth=0.0, flipHoriz=False, flipVert=False, image='imgs/3_1.png', interpolate=True, mask=None, maskParams=None, name='image_3', opacity=1, ori=0.0, pos=array([0., 0.]), size=array([0.5, 0.5]), texRes=128.0, units='height', win=Window(...))
9.3622 	EXP 	Created image_4 = ImageStim(__class__=<class 'psychopy.visual.image.ImageStim'>, autoLog=True, color=array([1., 1., 1.]), colorSpace='rgb', contrast=1.0, depth=0.0, flipHoriz=False, flipVert=False, image='imgs/4_1.png', interpolate=True, mask=None, maskParams=None, name='image_4', opacity=1, ori=0.0, pos=array([0., 0.]), size=array([0.5, 0.5]), texRes=128.0, units='height', win=Window(...))
9.3803 	EXP 	Created text = TextStim(__class__=<class 'psychopy.visual.text.TextStim'>, alignHoriz=method-wrapper(...), alignText='center', alignVert=method-wrapper(...), anchorHoriz='center', anchorVert='center', antialias=True, autoLog=True, bold=False, color=array([-1., -1., -1.]), colorSpace='rgb', contrast=1.0, depth=0.0, flipHoriz=False, flipVert=False, font='Open Sans', fontFiles=[], height=0.05, italic=False, languageStyle='LTR', name='text', opacity=1, ori=0.0, pos=array([0., 0.]), rgb=UNKNOWN, text=str(...), units='height', win=Window(...), wrapWidth=1)
9.8429 	EXP 	Created image_5 = ImageStim(__class__=<class 'psychopy.visual.image.ImageStim'>, autoLog=True, color=array([1., 1., 1.]), colorSpace='rgb', contrast=1.0, depth=-2.0, flipHoriz=False, flipVert=False, image='imgs/1_2.png', interpolate=True, mask=None, maskParams=None, name='image_5', opacity=1, ori=0.0, pos=array([0., 0.]), size=array([0.5, 0.5]), texRes=128.0, units='height', win=Window(...))
10.3077 	EXP 	Created image_6 = ImageStim(__class__=<class 'psychopy.visual.image.ImageStim'>, autoLog=True, color=array([1., 1., 1.]), colorSpace='rgb', contrast=1.0, depth=-3.0, flipHoriz=False, flipVert=False, image='imgs/2_2.png', interpolate=True, mask=None, maskParams=None, name='image_6', opacity=1, ori=0.0, pos=array([0., 0.]), size=array([0.5, 0.5]), texRes=128.0, units='height', win=Window(...))
10.7311 	EXP 	Created image_7 = ImageStim(__class__=<class 'psychopy.visual.image.ImageStim'>, autoLog=True, color=array([1., 1., 1.]), colorSpace='rgb', contrast=1.0, depth=-4.0, flipHoriz=False, flipVert=False, image='imgs/3_2.png', interpolate=True, mask=None, maskParams=None, name='image_7', opacity=1, ori=0.0, pos=array([0., 0.]), size=array([0.5, 0.5]), texRes=128.0, units='height', win=Window(...))
11.1911 	EXP 	Created image_8 = ImageStim(__class__=<class 'psychopy.visual.image.ImageStim'>, autoLog=True, color=array([1., 1., 1.]), colorSpace='rgb', contrast=1.0, depth=-5.0, flipHoriz=False, flipVert=False, image='imgs/4_2.png', interpolate=True, mask=None, maskParams=None, name='image_8', opacity=1, ori=0.0, pos=array([0., 0.]), size=array([0.5, 0.5]), texRes=128.0, units='height', win=Window(...))
11.1970 	EXP 	Created polygon = ShapeStim(__class__=<class 'psychopy.visual.shape.ShapeStim'>, autoDraw=False, autoLog=True, closeShape=True, color=method-wrapper(...), colorSpace='rgb', contrast=None, depth=-1.0, fillColor=array([1, 1, 1]), fillColorSpace='rgb', fillRGB=array([1, 1, 1]), interpolate=True, lineColor=array([1., 1., 1.]), lineColorSpace='rgb', lineRGB=array([1, 1, 1]), lineWidth=1.0, name='polygon', opacity=1, ori=0.0, pos=array([0., 0.]), size=array([0.01, 0.01]), units='height', vertices=ndarray(...), win=Window(...), windingRule=None)
11.2038 	EXP 	Created stim = ImageStim(__class__=<class 'psychopy.visual.image.ImageStim'>, autoLog=True, color=array([1., 1., 1.]), colorSpace='rgb', contrast=1.0, depth=-2.0, flipHoriz=False, flipVert=False, image='sin', interpolate=True, mask=None, maskParams=None, name='stim', opacity=1, ori=0.0, pos=array([0., 0.]), size=array([0.5, 0.5]), texRes=128.0, units='height', win=Window(...))
11.2084 	EXP 	Created mask = ImageStim(__class__=<class 'psychopy.visual.image.ImageStim'>, autoLog=True, color=array([1., 1., 1.]), colorSpace='rgb', contrast=1.0, depth=-3.0, flipHoriz=False, flipVert=False, image='sin', interpolate=True, mask=None, maskParams=None, name='mask', opacity=1, ori=0.0, pos=array([0., 0.]), size=array([0.5, 0.5]), texRes=128.0, units='height', win=Window(...))
11.2245 	EXP 	Created text_2 = TextStim(__class__=<class 'psychopy.visual.text.TextStim'>, alignHoriz=method-wrapper(...), alignText='center', alignVert=method-wrapper(...), anchorHoriz='center', anchorVert='center', antialias=True, autoLog=True, bold=False, color=array([1., 1., 1.]), colorSpace='rgb', contrast=1.0, depth=0.0, flipHoriz=False, flipVert=False, font='Open Sans', fontFiles=[], height=0.1, italic=False, languageStyle='LTR', name='text_2', opacity=1, ori=0.0, pos=array([0., 0.]), rgb=UNKNOWN, text='Thank You!!', units='height', win=Window(...), wrapWidth=1)
11.2505 	DATA 	Mouse: Left button down, pos=(2518,448)
11.2507 	DATA 	Mouse:  Left button up, pos=(2518,448)
11.3245 	EXP 	text_3: autoDraw = True
11.9370 	DATA 	Keypress: equal
11.9652 	EXP 	text_3: autoDraw = False
11.9652 	EXP 	image: autoDraw = True
13.5224 	DATA 	Keypress: q
13.5326 	EXP 	image: autoDraw = False
13.5326 	EXP 	image_2: autoDraw = True
13.7051 	DATA 	Keypress: e
13.7159 	EXP 	image_2: autoDraw = False
13.7159 	EXP 	image_3: autoDraw = True
14.1224 	DATA 	Keypress: d
14.1328 	EXP 	image_3: autoDraw = False
14.1328 	EXP 	image_4: autoDraw = True
14.2542 	DATA 	Keypress: a
16.7076 	DATA 	Keypress: a
16.7172 	EXP 	image_4: autoDraw = False
16.7172 	EXP 	text: autoDraw = True
16.7172 	EXP 	image_5: autoDraw = True
16.7172 	EXP 	image_5: autoDraw = False
16.7172 	EXP 	image_6: autoDraw = True
16.7172 	EXP 	image_6: autoDraw = False
16.7172 	EXP 	image_7: autoDraw = True
16.7172 	EXP 	image_7: autoDraw = False
16.7172 	EXP 	image_8: autoDraw = True
16.7172 	EXP 	image_8: autoDraw = False
17.9050 	EXP 	Created sequence: sequential, trialTypes=1, nReps=100, seed=None
17.9055 	EXP 	New trial (rep=0, index=0): None
18.4148 	DATA 	Keypress: equal
18.4183 	EXP 	text: autoDraw = False
18.4183 	EXP 	image_5: autoDraw = False
18.4183 	EXP 	image_6: autoDraw = False
18.4183 	EXP 	image_7: autoDraw = False
18.4183 	EXP 	image_8: autoDraw = False
18.4183 	EXP 	stim: image = 'imgs/2_1.png'
18.4183 	EXP 	mask: image = 'imgs/2_2.png'
18.4183 	EXP 	polygon: autoDraw = True
19.4183 	EXP 	polygon: autoDraw = False
19.4183 	EXP 	stim: autoDraw = True
19.4517 	EXP 	stim: autoDraw = False
19.6184 	EXP 	mask: autoDraw = True
19.6518 	EXP 	mask: autoDraw = False
21.4572 	DATA 	Keypress: q
21.4760 	EXP 	New trial (rep=1, index=0): None
21.9697 	EXP 	polygon: autoDraw = False
21.9697 	EXP 	stim: autoDraw = False
21.9697 	EXP 	mask: autoDraw = False
21.9697 	EXP 	stim: image = 'imgs/3_1.png'
21.9697 	EXP 	mask: image = 'imgs/3_2.png'
21.9697 	EXP 	polygon: autoDraw = True
22.9532 	EXP 	stim: autoDraw = True
22.9699 	EXP 	polygon: autoDraw = False
22.9866 	EXP 	stim: autoDraw = False
23.0366 	EXP 	mask: autoDraw = True
23.0699 	EXP 	mask: autoDraw = False
23.8101 	EXP 	New trial (rep=2, index=0): None
23.9296 	DATA 	Keypress: d
23.9370 	EXP 	polygon: autoDraw = False
23.9370 	EXP 	stim: autoDraw = False
23.9370 	EXP 	mask: autoDraw = False
23.9370 	EXP 	stim: image = 'imgs/3_1.png'
23.9370 	EXP 	mask: image = 'imgs/3_2.png'
23.9370 	EXP 	polygon: autoDraw = True
24.9207 	EXP 	stim: autoDraw = True
24.9374 	EXP 	polygon: autoDraw = False
24.9540 	EXP 	stim: autoDraw = False
25.1042 	EXP 	mask: autoDraw = True
25.1375 	EXP 	mask: autoDraw = False
25.7940 	EXP 	New trial (rep=3, index=0): None
26.3137 	DATA 	Keypress: d
26.3217 	EXP 	polygon: autoDraw = False
26.3217 	EXP 	stim: autoDraw = False
26.3217 	EXP 	mask: autoDraw = False
26.3217 	EXP 	stim: image = 'imgs/4_1.png'
26.3217 	EXP 	mask: image = 'imgs/4_2.png'
26.3217 	EXP 	polygon: autoDraw = True
27.3051 	EXP 	stim: autoDraw = True
27.3217 	EXP 	polygon: autoDraw = False
27.3385 	EXP 	stim: autoDraw = False
27.5052 	EXP 	mask: autoDraw = True
27.5386 	EXP 	mask: autoDraw = False
28.1098 	DATA 	Keypress: a
28.1281 	EXP 	New trial (rep=4, index=0): None
28.6061 	EXP 	polygon: autoDraw = False
28.6061 	EXP 	stim: autoDraw = False
28.6061 	EXP 	mask: autoDraw = False
28.6061 	EXP 	stim: image = 'imgs/3_1.png'
28.6061 	EXP 	mask: image = 'imgs/3_2.png'
28.6061 	EXP 	polygon: autoDraw = True
29.5894 	EXP 	stim: autoDraw = True
29.6061 	EXP 	polygon: autoDraw = False
29.6228 	EXP 	stim: autoDraw = False
29.7061 	EXP 	mask: autoDraw = True
29.7395 	EXP 	mask: autoDraw = False
31.5127 	EXP 	New trial (rep=5, index=0): None
31.6306 	DATA 	Keypress: d
31.6403 	EXP 	polygon: autoDraw = False
31.6403 	EXP 	stim: autoDraw = False
31.6403 	EXP 	mask: autoDraw = False
31.6403 	EXP 	stim: image = 'imgs/3_1.png'
31.6403 	EXP 	mask: image = 'imgs/3_2.png'
31.6403 	EXP 	polygon: autoDraw = True
32.6240 	EXP 	stim: autoDraw = True
32.6407 	EXP 	polygon: autoDraw = False
32.6574 	EXP 	stim: autoDraw = False
32.7741 	EXP 	mask: autoDraw = True
32.8075 	EXP 	mask: autoDraw = False
33.8811 	EXP 	New trial (rep=6, index=0): None
34.3969 	DATA 	Keypress: d
34.4085 	EXP 	polygon: autoDraw = False
34.4085 	EXP 	stim: autoDraw = False
34.4085 	EXP 	mask: autoDraw = False
34.4085 	EXP 	stim: image = 'imgs/1_1.png'
34.4085 	EXP 	mask: image = 'imgs/1_2.png'
34.4085 	EXP 	polygon: autoDraw = True
35.3919 	EXP 	stim: autoDraw = True
35.4085 	EXP 	polygon: autoDraw = False
35.4253 	EXP 	stim: autoDraw = False
35.5753 	EXP 	mask: autoDraw = True
35.6086 	EXP 	mask: autoDraw = False
36.1313 	EXP 	New trial (rep=7, index=0): None
36.6200 	DATA 	Keypress: q
36.6262 	EXP 	polygon: autoDraw = False
36.6262 	EXP 	stim: autoDraw = False
36.6262 	EXP 	mask: autoDraw = False
36.6262 	EXP 	stim: image = 'imgs/3_1.png'
36.6262 	EXP 	mask: image = 'imgs/3_2.png'
36.6262 	EXP 	polygon: autoDraw = True
37.6095 	EXP 	stim: autoDraw = True
37.6262 	EXP 	polygon: autoDraw = False
37.6429 	EXP 	stim: autoDraw = False
37.7429 	EXP 	mask: autoDraw = True
37.7762 	EXP 	mask: autoDraw = False
42.1322 	DATA 	Keypress: escape
42.3164 	EXP 	window1: mouseVisible = True
