1.9271 	WARNING 	We strongly recommend you activate the PTB sound engine in PsychoPy prefs as the preferred audio engine. Its timing is vastly superior. Your prefs are currently set to use ['sounddevice', 'PTB', 'pyo', 'pygame'] (in that order).
7.0402 	WARNING 	User requested fullscreen with size [1024  768], but screen is actually [2560, 1440]. Using actual size
7.8233 	EXP 	Created window1 = Window(allowGUI=False, allowStencil=False, autoLog=True, backendConf=UNKNOWN, bitsMode=UNKNOWN, blendMode='avg', bpc=(8, 8, 8), color=array([0, 0, 0]), colorSpace='rgb', depthBits=8, fullscr=<method-wrapper '__getattribute__' of attributeSetter object at 0x0000020049A1CDA0>, gamma=None, gammaErrorPolicy='raise', lms=UNKNOWN, monitor=<psychopy.monitors.calibTools.Monitor object at 0x0000020049A03240>, multiSample=False, name='window1', numSamples=2, pos=[0.0, 0.0], screen=0, size=array([2560, 1440]), stencilBits=0, stereo=False, units='height', useFBO=True, useRetina=False, viewOri=0.0, viewPos=None, viewScale=None, waitBlanking=True, winType='pyglet')
7.8233 	EXP 	window1: mouseVisible = True
7.8234 	EXP 	window1: recordFrameIntervals = False
7.8924 	EXP 	window1: recordFrameIntervals = True
7.9689 	EXP 	window1: recordFrameIntervals = False
8.6177 	EXP 	Created text = TextStim(__class__=<class 'psychopy.visual.text.TextStim'>, alignHoriz=method-wrapper(...), alignText='center', alignVert=method-wrapper(...), anchorHoriz='center', anchorVert='center', antialias=True, autoLog=True, bold=False, color=array([1., 1., 1.]), colorSpace='rgb', contrast=1.0, depth=0.0, flipHoriz=False, flipVert=False, font='Open Sans', fontFiles=[], height=0.1, italic=False, languageStyle='LTR', name='text', opacity=1, ori=0.0, pos=array([0., 0.]), rgb=UNKNOWN, text=str(...), units='height', win=Window(...), wrapWidth=1)
8.6269 	EXP 	Created circle = ShapeStim(__class__=<class 'psychopy.visual.shape.ShapeStim'>, autoDraw=False, autoLog=True, closeShape=True, color=method-wrapper(...), colorSpace='rgb', contrast=None, depth=0.0, fillColor=array([1, 1, 1]), fillColorSpace='rgb', fillRGB=array([1, 1, 1]), interpolate=True, lineColor=array([1., 1., 1.]), lineColorSpace='rgb', lineRGB=array([1, 1, 1]), lineWidth=1.0, name='circle', opacity=1, ori=0.0, pos=array([0., 0.]), size=array([0.5, 0.5]), units='height', vertices=ndarray(...), win=Window(...), windingRule=None)
8.6288 	EXP 	Created mask = Rect(__class__=<class 'psychopy.visual.rect.Rect'>, autoDraw=False, autoLog=True, closeShape=True, color=method-wrapper(...), colorSpace='rgb', contrast=None, depth=-1.0, fillColor=array([1, 1, 1]), fillColorSpace='rgb', fillRGB=array([1, 1, 1]), interpolate=True, lineColor=array([1., 1., 1.]), lineColorSpace='rgb', lineRGB=array([1, 1, 1]), lineWidth=1.0, name='mask', opacity=1, ori=0.0, pos=array([0., 0.]), size=array([0.5, 0.5]), units='height', vertices=ndarray(...), win=Window(...))
8.7231 	EXP 	text: autoDraw = True
9.0675 	DATA 	Mouse: Left button down, pos=(1949,518)
9.1661 	DATA 	Mouse:  Left button up, pos=(1949,518)
10.7051 	EXP 	Created sequence: random, trialTypes=1, nReps=40, seed=None
10.7054 	EXP 	New trial (rep=0, index=0): None
10.7156 	DATA 	Keypress: equal
10.7185 	EXP 	text: autoDraw = False
10.7185 	EXP 	circle: autoDraw = True
10.7394 	EXP 	circle: autoDraw = False
10.8018 	EXP 	mask: autoDraw = True
10.8227 	EXP 	mask: autoDraw = False
15.2583 	EXP 	New trial (rep=1, index=0): None
15.2606 	DATA 	Keypress: 1
15.2672 	EXP 	circle: autoDraw = False
15.2672 	EXP 	mask: autoDraw = False
15.2672 	EXP 	circle: autoDraw = True
15.2880 	EXP 	circle: autoDraw = False
15.3574 	EXP 	mask: autoDraw = True
15.3783 	EXP 	mask: autoDraw = False
17.1880 	DATA 	Keypress: 2
17.1960 	EXP 	New trial (rep=2, index=0): None
17.2047 	EXP 	circle: autoDraw = False
17.2047 	EXP 	mask: autoDraw = False
17.2047 	EXP 	circle: autoDraw = True
17.2256 	EXP 	circle: autoDraw = False
17.2950 	EXP 	mask: autoDraw = True
17.3158 	EXP 	mask: autoDraw = False
18.4101 	DATA 	Keypress: 1
18.4184 	EXP 	New trial (rep=3, index=0): None
18.4269 	EXP 	circle: autoDraw = False
18.4269 	EXP 	mask: autoDraw = False
18.4269 	EXP 	circle: autoDraw = True
18.4478 	EXP 	circle: autoDraw = False
18.5172 	EXP 	mask: autoDraw = True
18.5380 	EXP 	mask: autoDraw = False
19.4175 	EXP 	New trial (rep=4, index=0): None
19.4204 	DATA 	Keypress: 2
19.4269 	EXP 	circle: autoDraw = False
19.4269 	EXP 	mask: autoDraw = False
19.4269 	EXP 	circle: autoDraw = True
19.4479 	EXP 	circle: autoDraw = False
19.5172 	EXP 	mask: autoDraw = True
19.5381 	EXP 	mask: autoDraw = False
20.0224 	EXP 	New trial (rep=5, index=0): None
20.0250 	DATA 	Keypress: 1
20.0311 	EXP 	circle: autoDraw = False
20.0311 	EXP 	mask: autoDraw = False
20.0311 	EXP 	circle: autoDraw = True
20.0519 	EXP 	circle: autoDraw = False
20.1214 	EXP 	mask: autoDraw = True
20.1422 	EXP 	mask: autoDraw = False
20.5574 	EXP 	New trial (rep=6, index=0): None
20.5600 	DATA 	Keypress: 2
20.5658 	EXP 	circle: autoDraw = False
20.5658 	EXP 	mask: autoDraw = False
20.5658 	EXP 	circle: autoDraw = True
20.5866 	EXP 	circle: autoDraw = False
20.6561 	EXP 	mask: autoDraw = True
20.6769 	EXP 	mask: autoDraw = False
21.1195 	EXP 	New trial (rep=7, index=0): None
21.1221 	DATA 	Keypress: 2
21.1283 	EXP 	circle: autoDraw = False
21.1283 	EXP 	mask: autoDraw = False
21.1283 	EXP 	circle: autoDraw = True
21.1492 	EXP 	circle: autoDraw = False
21.2186 	EXP 	mask: autoDraw = True
21.2395 	EXP 	mask: autoDraw = False
21.6545 	EXP 	New trial (rep=8, index=0): None
21.6570 	DATA 	Keypress: 1
21.6631 	EXP 	circle: autoDraw = False
21.6631 	EXP 	mask: autoDraw = False
21.6631 	EXP 	circle: autoDraw = True
21.6839 	EXP 	circle: autoDraw = False
21.7534 	EXP 	mask: autoDraw = True
21.7742 	EXP 	mask: autoDraw = False
22.1675 	DATA 	Keypress: 2
22.1753 	EXP 	New trial (rep=9, index=0): None
22.1839 	EXP 	circle: autoDraw = False
22.1839 	EXP 	mask: autoDraw = False
22.1839 	EXP 	circle: autoDraw = True
22.2047 	EXP 	circle: autoDraw = False
22.2742 	EXP 	mask: autoDraw = True
22.2950 	EXP 	mask: autoDraw = False
22.8825 	DATA 	Keypress: 1
22.8904 	EXP 	New trial (rep=10, index=0): None
22.8992 	EXP 	circle: autoDraw = False
22.8992 	EXP 	mask: autoDraw = False
22.8992 	EXP 	circle: autoDraw = True
22.9200 	EXP 	circle: autoDraw = False
22.9895 	EXP 	mask: autoDraw = True
23.0103 	EXP 	mask: autoDraw = False
23.4314 	EXP 	New trial (rep=11, index=0): None
23.4341 	DATA 	Keypress: 2
23.4408 	EXP 	circle: autoDraw = False
23.4408 	EXP 	mask: autoDraw = False
23.4408 	EXP 	circle: autoDraw = True
23.4617 	EXP 	circle: autoDraw = False
23.5311 	EXP 	mask: autoDraw = True
23.5520 	EXP 	mask: autoDraw = False
23.9045 	EXP 	New trial (rep=12, index=0): None
23.9075 	DATA 	Keypress: 1
23.9131 	EXP 	circle: autoDraw = False
23.9131 	EXP 	mask: autoDraw = False
23.9131 	EXP 	circle: autoDraw = True
23.9339 	EXP 	circle: autoDraw = False
24.0034 	EXP 	mask: autoDraw = True
24.0242 	EXP 	mask: autoDraw = False
24.4736 	EXP 	New trial (rep=13, index=0): None
24.4763 	DATA 	Keypress: 2
24.4825 	EXP 	circle: autoDraw = False
24.4825 	EXP 	mask: autoDraw = False
24.4825 	EXP 	circle: autoDraw = True
24.5034 	EXP 	circle: autoDraw = False
24.5728 	EXP 	mask: autoDraw = True
24.5936 	EXP 	mask: autoDraw = False
24.9966 	EXP 	New trial (rep=14, index=0): None
24.9993 	DATA 	Keypress: 1
25.0049 	EXP 	circle: autoDraw = False
25.0049 	EXP 	mask: autoDraw = False
25.0049 	EXP 	circle: autoDraw = True
25.0270 	EXP 	circle: autoDraw = False
25.1006 	EXP 	mask: autoDraw = True
25.1214 	EXP 	mask: autoDraw = False
25.5768 	DATA 	Keypress: 2
25.5844 	EXP 	New trial (rep=15, index=0): None
25.5937 	EXP 	circle: autoDraw = False
25.5937 	EXP 	mask: autoDraw = False
25.5937 	EXP 	circle: autoDraw = True
25.6145 	EXP 	circle: autoDraw = False
25.6839 	EXP 	mask: autoDraw = True
25.7047 	EXP 	mask: autoDraw = False
26.1255 	DATA 	Keypress: 1
26.1334 	EXP 	New trial (rep=16, index=0): None
26.1422 	EXP 	circle: autoDraw = False
26.1422 	EXP 	mask: autoDraw = False
26.1422 	EXP 	circle: autoDraw = True
26.1631 	EXP 	circle: autoDraw = False
26.2326 	EXP 	mask: autoDraw = True
26.2534 	EXP 	mask: autoDraw = False
26.9037 	EXP 	New trial (rep=17, index=0): None
26.9066 	DATA 	Keypress: 2
26.9131 	EXP 	circle: autoDraw = False
26.9131 	EXP 	mask: autoDraw = False
26.9131 	EXP 	circle: autoDraw = True
26.9340 	EXP 	circle: autoDraw = False
27.0034 	EXP 	mask: autoDraw = True
27.0242 	EXP 	mask: autoDraw = False
27.7096 	EXP 	New trial (rep=18, index=0): None
27.7122 	DATA 	Keypress: 1
27.7186 	EXP 	circle: autoDraw = False
27.7186 	EXP 	mask: autoDraw = False
27.7186 	EXP 	circle: autoDraw = True
27.7395 	EXP 	circle: autoDraw = False
27.8089 	EXP 	mask: autoDraw = True
27.8298 	EXP 	mask: autoDraw = False
28.3070 	EXP 	New trial (rep=19, index=0): None
28.3096 	DATA 	Keypress: 2
28.3159 	EXP 	circle: autoDraw = False
28.3159 	EXP 	mask: autoDraw = False
28.3159 	EXP 	circle: autoDraw = True
28.3367 	EXP 	circle: autoDraw = False
28.4062 	EXP 	mask: autoDraw = True
28.4270 	EXP 	mask: autoDraw = False
28.8206 	EXP 	New trial (rep=20, index=0): None
28.8233 	DATA 	Keypress: 1
28.8298 	EXP 	circle: autoDraw = False
28.8298 	EXP 	mask: autoDraw = False
28.8298 	EXP 	circle: autoDraw = True
28.8506 	EXP 	circle: autoDraw = False
28.9200 	EXP 	mask: autoDraw = True
28.9409 	EXP 	mask: autoDraw = False
29.3835 	EXP 	New trial (rep=21, index=0): None
29.3861 	DATA 	Keypress: 2
29.3923 	EXP 	circle: autoDraw = False
29.3923 	EXP 	mask: autoDraw = False
29.3923 	EXP 	circle: autoDraw = True
29.4132 	EXP 	circle: autoDraw = False
29.4826 	EXP 	mask: autoDraw = True
29.5034 	EXP 	mask: autoDraw = False
29.9464 	DATA 	Keypress: 2
29.9531 	EXP 	New trial (rep=22, index=0): None
29.9617 	EXP 	circle: autoDraw = False
29.9617 	EXP 	mask: autoDraw = False
29.9617 	EXP 	circle: autoDraw = True
29.9826 	EXP 	circle: autoDraw = False
30.0520 	EXP 	mask: autoDraw = True
30.0728 	EXP 	mask: autoDraw = False
30.4866 	DATA 	Keypress: 2
30.4941 	EXP 	New trial (rep=23, index=0): None
30.5034 	EXP 	circle: autoDraw = False
30.5034 	EXP 	mask: autoDraw = False
30.5034 	EXP 	circle: autoDraw = True
30.5242 	EXP 	circle: autoDraw = False
30.5937 	EXP 	mask: autoDraw = True
30.6145 	EXP 	mask: autoDraw = False
31.0213 	DATA 	Keypress: 1
31.0294 	EXP 	New trial (rep=24, index=0): None
31.0381 	EXP 	circle: autoDraw = False
31.0381 	EXP 	mask: autoDraw = False
31.0381 	EXP 	circle: autoDraw = True
31.0589 	EXP 	circle: autoDraw = False
31.1284 	EXP 	mask: autoDraw = True
31.1493 	EXP 	mask: autoDraw = False
31.5714 	EXP 	New trial (rep=25, index=0): None
31.5749 	DATA 	Keypress: 2
31.5798 	EXP 	circle: autoDraw = False
31.5798 	EXP 	mask: autoDraw = False
31.5798 	EXP 	circle: autoDraw = True
31.6006 	EXP 	circle: autoDraw = False
31.6701 	EXP 	mask: autoDraw = True
31.6909 	EXP 	mask: autoDraw = False
32.1267 	EXP 	New trial (rep=26, index=0): None
32.1294 	DATA 	Keypress: 2
32.1354 	EXP 	circle: autoDraw = False
32.1354 	EXP 	mask: autoDraw = False
32.1354 	EXP 	circle: autoDraw = True
32.1562 	EXP 	circle: autoDraw = False
32.2257 	EXP 	mask: autoDraw = True
32.2466 	EXP 	mask: autoDraw = False
32.6398 	DATA 	Keypress: 2
32.6467 	EXP 	New trial (rep=27, index=0): None
32.6562 	EXP 	circle: autoDraw = False
32.6562 	EXP 	mask: autoDraw = False
32.6562 	EXP 	circle: autoDraw = True
32.6770 	EXP 	circle: autoDraw = False
32.7465 	EXP 	mask: autoDraw = True
32.7673 	EXP 	mask: autoDraw = False
33.1608 	EXP 	New trial (rep=28, index=0): None
33.1635 	DATA 	Keypress: 1
33.1701 	EXP 	circle: autoDraw = False
33.1701 	EXP 	mask: autoDraw = False
33.1701 	EXP 	circle: autoDraw = True
33.1909 	EXP 	circle: autoDraw = False
33.2604 	EXP 	mask: autoDraw = True
33.2812 	EXP 	mask: autoDraw = False
33.7378 	EXP 	New trial (rep=29, index=0): None
33.7405 	DATA 	Keypress: 2
33.7465 	EXP 	circle: autoDraw = False
33.7465 	EXP 	mask: autoDraw = False
33.7465 	EXP 	circle: autoDraw = True
33.7673 	EXP 	circle: autoDraw = False
33.8368 	EXP 	mask: autoDraw = True
33.8576 	EXP 	mask: autoDraw = False
34.2790 	EXP 	New trial (rep=30, index=0): None
34.2818 	DATA 	Keypress: 1
34.2881 	EXP 	circle: autoDraw = False
34.2881 	EXP 	mask: autoDraw = False
34.2881 	EXP 	circle: autoDraw = True
34.3090 	EXP 	circle: autoDraw = False
34.3784 	EXP 	mask: autoDraw = True
34.3993 	EXP 	mask: autoDraw = False
34.8270 	DATA 	Keypress: 2
34.8349 	EXP 	New trial (rep=31, index=0): None
34.8437 	EXP 	circle: autoDraw = False
34.8437 	EXP 	mask: autoDraw = False
34.8437 	EXP 	circle: autoDraw = True
34.8646 	EXP 	circle: autoDraw = False
34.9340 	EXP 	mask: autoDraw = True
34.9548 	EXP 	mask: autoDraw = False
35.3629 	EXP 	New trial (rep=32, index=0): None
35.3656 	DATA 	Keypress: 1
35.3715 	EXP 	circle: autoDraw = False
35.3715 	EXP 	mask: autoDraw = False
35.3715 	EXP 	circle: autoDraw = True
35.3923 	EXP 	circle: autoDraw = False
35.4618 	EXP 	mask: autoDraw = True
35.4826 	EXP 	mask: autoDraw = False
35.9176 	DATA 	Keypress: 2
35.9249 	EXP 	New trial (rep=33, index=0): None
35.9340 	EXP 	circle: autoDraw = False
35.9340 	EXP 	mask: autoDraw = False
35.9340 	EXP 	circle: autoDraw = True
35.9548 	EXP 	circle: autoDraw = False
36.0243 	EXP 	mask: autoDraw = True
36.0451 	EXP 	mask: autoDraw = False
36.4250 	EXP 	New trial (rep=34, index=0): None
36.4277 	DATA 	Keypress: 1
36.4340 	EXP 	circle: autoDraw = False
36.4340 	EXP 	mask: autoDraw = False
36.4340 	EXP 	circle: autoDraw = True
36.4548 	EXP 	circle: autoDraw = False
36.5243 	EXP 	mask: autoDraw = True
36.5451 	EXP 	mask: autoDraw = False
36.9723 	DATA 	Keypress: 2
36.9803 	EXP 	New trial (rep=35, index=0): None
36.9896 	EXP 	circle: autoDraw = False
36.9896 	EXP 	mask: autoDraw = False
36.9896 	EXP 	circle: autoDraw = True
37.0104 	EXP 	circle: autoDraw = False
37.0798 	EXP 	mask: autoDraw = True
37.1007 	EXP 	mask: autoDraw = False
37.5151 	EXP 	New trial (rep=36, index=0): None
37.5177 	DATA 	Keypress: 1
37.5243 	EXP 	circle: autoDraw = False
37.5243 	EXP 	mask: autoDraw = False
37.5243 	EXP 	circle: autoDraw = True
37.5451 	EXP 	circle: autoDraw = False
37.6146 	EXP 	mask: autoDraw = True
37.6354 	EXP 	mask: autoDraw = False
38.0782 	EXP 	New trial (rep=37, index=0): None
38.0807 	DATA 	Keypress: 2
38.0868 	EXP 	circle: autoDraw = False
38.0868 	EXP 	mask: autoDraw = False
38.0868 	EXP 	circle: autoDraw = True
38.1076 	EXP 	circle: autoDraw = False
38.1771 	EXP 	mask: autoDraw = True
38.1979 	EXP 	mask: autoDraw = False
38.6121 	EXP 	New trial (rep=38, index=0): None
38.6149 	DATA 	Keypress: 1
38.6215 	EXP 	circle: autoDraw = False
38.6215 	EXP 	mask: autoDraw = False
38.6215 	EXP 	circle: autoDraw = True
38.6424 	EXP 	circle: autoDraw = False
38.7119 	EXP 	mask: autoDraw = True
38.7326 	EXP 	mask: autoDraw = False
39.2034 	EXP 	New trial (rep=39, index=0): None
39.2060 	DATA 	Keypress: 2
39.2118 	EXP 	circle: autoDraw = False
39.2118 	EXP 	mask: autoDraw = False
39.2118 	EXP 	circle: autoDraw = True
39.2327 	EXP 	circle: autoDraw = False
39.3021 	EXP 	mask: autoDraw = True
39.3229 	EXP 	mask: autoDraw = False
39.7032 	DATA 	Keypress: 1
39.7049 	EXP 	circle: autoDraw = False
39.7049 	EXP 	mask: autoDraw = False
39.7840 	EXP 	window1: mouseVisible = True
