2.0826 	WARNING 	We strongly recommend you activate the PTB sound engine in PsychoPy prefs as the preferred audio engine. Its timing is vastly superior. Your prefs are currently set to use ['sounddevice', 'PTB', 'pyo', 'pygame'] (in that order).
9.0342 	EXP 	Created window1 = Window(allowGUI=False, allowStencil=False, autoLog=True, backendConf=UNKNOWN, bitsMode=UNKNOWN, blendMode='avg', bpc=(8, 8, 8), color=array([1, 1, 1]), colorSpace='rgb', depthBits=8, fullscr=<method-wrapper '__getattribute__' of attributeSetter object at 0x0000025EB2974C50>, gamma=None, gammaErrorPolicy='raise', lms=UNKNOWN, monitor=<psychopy.monitors.calibTools.Monitor object at 0x0000025EB295C080>, multiSample=False, name='window1', numSamples=2, pos=[0.0, 0.0], screen=1, size=array([3440, 1440]), stencilBits=0, stereo=False, units='height', useFBO=True, useRetina=False, viewOri=0.0, viewPos=None, viewScale=None, waitBlanking=True, winType='pyglet')
9.0348 	EXP 	window1: mouseVisible = True
9.0349 	EXP 	window1: recordFrameIntervals = False
9.2001 	EXP 	window1: recordFrameIntervals = True
9.3836 	EXP 	window1: recordFrameIntervals = False
10.0161 	EXP 	Created text = TextStim(__class__=<class 'psychopy.visual.text.TextStim'>, alignHoriz=method-wrapper(...), alignText='center', alignVert=method-wrapper(...), anchorHoriz='center', anchorVert='center', antialias=True, autoLog=True, bold=False, color=array([-1., -1., -1.]), colorSpace='rgb', contrast=1.0, depth=0.0, flipHoriz=False, flipVert=False, font='Open Sans', fontFiles=[], height=0.1, italic=False, languageStyle='LTR', name='text', opacity=1, ori=0.0, pos=array([0., 0.]), rgb=UNKNOWN, text=str(...), units='height', win=Window(...), wrapWidth=1)
10.1784 	EXP 	Created image_5 = ImageStim(__class__=<class 'psychopy.visual.image.ImageStim'>, autoLog=True, color=array([1., 1., 1.]), colorSpace='rgb', contrast=1.0, depth=0.0, flipHoriz=False, flipVert=False, image='imgs/mask.png', interpolate=True, mask=None, maskParams=None, name='image_5', opacity=1, ori=0.0, pos=array([0., 0.]), size=array([1., 1.]), texRes=128.0, units='height', win=Window(...))
10.2954 	EXP 	Created image_6 = ImageStim(__class__=<class 'psychopy.visual.image.ImageStim'>, autoLog=True, color=array([1., 1., 1.]), colorSpace='rgb', contrast=1.0, depth=-1.0, flipHoriz=False, flipVert=False, image='imgs/1_stim.png', interpolate=True, mask=None, maskParams=None, name='image_6', opacity=1, ori=0.0, pos=array([0., 0.]), size=array([1., 1.]), texRes=128.0, units='height', win=Window(...))
10.4148 	EXP 	Created image_7 = ImageStim(__class__=<class 'psychopy.visual.image.ImageStim'>, autoLog=True, color=array([1., 1., 1.]), colorSpace='rgb', contrast=1.0, depth=-2.0, flipHoriz=False, flipVert=False, image='imgs/2_stim.png', interpolate=True, mask=None, maskParams=None, name='image_7', opacity=1, ori=0.0, pos=array([0., 0.]), size=array([1., 1.]), texRes=128.0, units='height', win=Window(...))
10.5274 	EXP 	Created image_8 = ImageStim(__class__=<class 'psychopy.visual.image.ImageStim'>, autoLog=True, color=array([1., 1., 1.]), colorSpace='rgb', contrast=1.0, depth=-3.0, flipHoriz=False, flipVert=False, image='imgs/4_stim.png', interpolate=True, mask=None, maskParams=None, name='image_8', opacity=1, ori=0.0, pos=array([0., 0.]), size=array([1., 1.]), texRes=128.0, units='height', win=Window(...))
10.6380 	EXP 	Created image_9 = ImageStim(__class__=<class 'psychopy.visual.image.ImageStim'>, autoLog=True, color=array([1., 1., 1.]), colorSpace='rgb', contrast=1.0, depth=-4.0, flipHoriz=False, flipVert=False, image='imgs/3_stim.png', interpolate=True, mask=None, maskParams=None, name='image_9', opacity=1, ori=0.0, pos=array([0., 0.]), size=array([1., 1.]), texRes=128.0, units='height', win=Window(...))
10.6417 	EXP 	Created polygon_6 = ShapeStim(__class__=<class 'psychopy.visual.shape.ShapeStim'>, autoDraw=False, autoLog=True, closeShape=True, color=method-wrapper(...), colorSpace='rgb', contrast=None, depth=-6.0, fillColor=array([-1, -1, -1]), fillColorSpace='rgb', fillRGB=array([-1, -1, -1]), interpolate=True, lineColor=array([1., 1., 1.]), lineColorSpace='rgb', lineRGB=array([1, 1, 1]), lineWidth=1.0, name='polygon_6', opacity=1, ori=0.0, pos=array([0., 0.]), size=array([0.1, 0.1]), units='height', vertices=ndarray(...), win=Window(...), windingRule=None)
10.7576 	EXP 	Created image = ImageStim(__class__=<class 'psychopy.visual.image.ImageStim'>, autoLog=True, color=array([1., 1., 1.]), colorSpace='rgb', contrast=1.0, depth=0.0, flipHoriz=False, flipVert=False, image='imgs/2_stim.png', interpolate=True, mask=None, maskParams=None, name='image', opacity=1, ori=0.0, pos=array([0., 0.]), size=array([1., 1.]), texRes=128.0, units='height', win=Window(...))
10.7604 	EXP 	Created polygon_2 = ShapeStim(__class__=<class 'psychopy.visual.shape.ShapeStim'>, autoDraw=False, autoLog=True, closeShape=True, color=method-wrapper(...), colorSpace='rgb', contrast=None, depth=-2.0, fillColor=array([-1, -1, -1]), fillColorSpace='rgb', fillRGB=array([-1, -1, -1]), interpolate=True, lineColor=array([1., 1., 1.]), lineColorSpace='rgb', lineRGB=array([1, 1, 1]), lineWidth=1.0, name='polygon_2', opacity=1, ori=0.0, pos=array([0., 0.]), size=array([0.1, 0.1]), units='height', vertices=ndarray(...), win=Window(...), windingRule=None)
10.8724 	EXP 	Created image_2 = ImageStim(__class__=<class 'psychopy.visual.image.ImageStim'>, autoLog=True, color=array([1., 1., 1.]), colorSpace='rgb', contrast=1.0, depth=0.0, flipHoriz=False, flipVert=False, image='imgs/4_stim.png', interpolate=True, mask=None, maskParams=None, name='image_2', opacity=1, ori=0.0, pos=array([0., 0.]), size=array([1., 1.]), texRes=128.0, units='height', win=Window(...))
10.8747 	EXP 	Created polygon_3 = ShapeStim(__class__=<class 'psychopy.visual.shape.ShapeStim'>, autoDraw=False, autoLog=True, closeShape=True, color=method-wrapper(...), colorSpace='rgb', contrast=None, depth=-2.0, fillColor=array([-1, -1, -1]), fillColorSpace='rgb', fillRGB=array([-1, -1, -1]), interpolate=True, lineColor=array([1., 1., 1.]), lineColorSpace='rgb', lineRGB=array([1, 1, 1]), lineWidth=1.0, name='polygon_3', opacity=1, ori=0.0, pos=array([0., 0.]), size=array([0.1, 0.1]), units='height', vertices=ndarray(...), win=Window(...), windingRule=None)
10.9822 	EXP 	Created image_3 = ImageStim(__class__=<class 'psychopy.visual.image.ImageStim'>, autoLog=True, color=array([1., 1., 1.]), colorSpace='rgb', contrast=1.0, depth=0.0, flipHoriz=False, flipVert=False, image='imgs/3_stim.png', interpolate=True, mask=None, maskParams=None, name='image_3', opacity=1, ori=0.0, pos=array([0., 0.]), size=array([1., 1.]), texRes=128.0, units='height', win=Window(...))
10.9865 	EXP 	Created polygon_4 = ShapeStim(__class__=<class 'psychopy.visual.shape.ShapeStim'>, autoDraw=False, autoLog=True, closeShape=True, color=method-wrapper(...), colorSpace='rgb', contrast=None, depth=-2.0, fillColor=array([-1, -1, -1]), fillColorSpace='rgb', fillRGB=array([-1, -1, -1]), interpolate=True, lineColor=array([1., 1., 1.]), lineColorSpace='rgb', lineRGB=array([1, 1, 1]), lineWidth=1.0, name='polygon_4', opacity=1, ori=0.0, pos=array([0., 0.]), size=array([0.1, 0.1]), units='height', vertices=ndarray(...), win=Window(...), windingRule=None)
11.0974 	EXP 	Created image_4 = ImageStim(__class__=<class 'psychopy.visual.image.ImageStim'>, autoLog=True, color=array([1., 1., 1.]), colorSpace='rgb', contrast=1.0, depth=0.0, flipHoriz=False, flipVert=False, image='imgs/1_stim.png', interpolate=True, mask=None, maskParams=None, name='image_4', opacity=1, ori=0.0, pos=array([0., 0.]), size=array([1., 1.]), texRes=128.0, units='height', win=Window(...))
11.0995 	EXP 	Created polygon_5 = ShapeStim(__class__=<class 'psychopy.visual.shape.ShapeStim'>, autoDraw=False, autoLog=True, closeShape=True, color=method-wrapper(...), colorSpace='rgb', contrast=None, depth=-2.0, fillColor=array([-1, -1, -1]), fillColorSpace='rgb', fillRGB=array([-1, -1, -1]), interpolate=True, lineColor=array([1., 1., 1.]), lineColorSpace='rgb', lineRGB=array([1, 1, 1]), lineWidth=1.0, name='polygon_5', opacity=1, ori=0.0, pos=array([0., 0.]), size=array([0.1, 0.1]), units='height', vertices=ndarray(...), win=Window(...), windingRule=None)
11.1090 	EXP 	Created text_2 = TextStim(__class__=<class 'psychopy.visual.text.TextStim'>, alignHoriz=method-wrapper(...), alignText='center', alignVert=method-wrapper(...), anchorHoriz='center', anchorVert='center', antialias=True, autoLog=True, bold=False, color=array([-1., -1., -1.]), colorSpace='rgb', contrast=1.0, depth=0.0, flipHoriz=False, flipVert=False, font='Open Sans', fontFiles=[], height=0.1, italic=False, languageStyle='LTR', name='text_2', opacity=1, ori=0.0, pos=array([0., 0.]), rgb=UNKNOWN, text="Press '=' to continue to main trials", units='height', win=Window(...), wrapWidth=1)
11.1116 	EXP 	Created polygon = ShapeStim(__class__=<class 'psychopy.visual.shape.ShapeStim'>, autoDraw=False, autoLog=True, closeShape=True, color=method-wrapper(...), colorSpace='rgb', contrast=None, depth=0.0, fillColor=array([0.00392157, 0.00392157, 0.00392157]), fillColorSpace='rgb', fillRGB=array([0.00392157, 0.00392157, 0.00392157]), interpolate=False, lineColor=array([1., 1., 1.]), lineColorSpace='rgb', lineRGB=array([1, 1, 1]), lineWidth=1.0, name='polygon', opacity=1, ori=0.0, pos=array([0., 0.]), size=array([0.1, 0.1]), units='height', vertices=ndarray(...), win=Window(...), windingRule=None)
11.1155 	EXP 	Created stim = ImageStim(__class__=<class 'psychopy.visual.image.ImageStim'>, autoLog=True, color=array([1., 1., 1.]), colorSpace='rgb', contrast=1.0, depth=-2.0, flipHoriz=False, flipVert=False, image='sin', interpolate=False, mask=None, maskParams=None, name='stim', opacity=1, ori=0.0, pos=array([0., 0.]), size=array([1., 1.]), texRes=128.0, units='height', win=Window(...))
11.1775 	EXP 	Created mask = ImageStim(__class__=<class 'psychopy.visual.image.ImageStim'>, autoLog=True, color=array([1., 1., 1.]), colorSpace='rgb', contrast=1.0, depth=-3.0, flipHoriz=False, flipVert=False, image='imgs/mask.png', interpolate=False, mask=None, maskParams=None, name='mask', opacity=1, ori=0.0, pos=array([0., 0.]), size=array([1., 1.]), texRes=128.0, units='height', win=Window(...))
11.1859 	EXP 	Created text_3 = TextStim(__class__=<class 'psychopy.visual.text.TextStim'>, alignHoriz=method-wrapper(...), alignText='center', alignVert=method-wrapper(...), anchorHoriz='center', anchorVert='center', antialias=True, autoLog=True, bold=False, color=array([-1., -1., -1.]), colorSpace='rgb', contrast=1.0, depth=0.0, flipHoriz=False, flipVert=False, font='Open Sans', fontFiles=[], height=0.1, italic=False, languageStyle='LTR', name='text_3', opacity=1, ori=0.0, pos=array([0., 0.]), rgb=UNKNOWN, text='Thank you!!', units='height', win=Window(...), wrapWidth=1)
11.2196 	DATA 	Mouse: Left button down, pos=(2422,610)
11.2201 	DATA 	Mouse:  Left button up, pos=(2422,610)
11.3059 	EXP 	text: autoDraw = True
12.2723 	EXP 	Created sequence: random, trialTypes=1, nReps=1, seed=None
12.2725 	EXP 	New trial (rep=0, index=0): None
12.2786 	DATA 	Keypress: equal
12.2846 	EXP 	text: autoDraw = False
12.2846 	EXP 	image_5: autoDraw = True
12.2846 	EXP 	image_6: autoDraw = True
12.2846 	EXP 	image_7: autoDraw = True
12.2846 	EXP 	image_8: autoDraw = True
12.2846 	EXP 	image_9: autoDraw = True
12.2846 	EXP 	polygon_6: autoDraw = True
14.7248 	DATA 	Keypress: equal
15.2917 	DATA 	Keypress: space
16.0653 	DATA 	Keypress: 1
16.0696 	EXP 	image_5: autoDraw = False
16.0696 	EXP 	image_6: autoDraw = False
16.0696 	EXP 	image_7: autoDraw = False
16.0696 	EXP 	image_8: autoDraw = False
16.0696 	EXP 	image_9: autoDraw = False
16.0696 	EXP 	polygon_6: autoDraw = False
16.0696 	EXP 	image: autoDraw = True
16.0696 	EXP 	polygon_2: autoDraw = True
25.1841 	DATA 	Keypress: q
25.1902 	EXP 	image: autoDraw = False
25.1902 	EXP 	polygon_2: autoDraw = False
25.1902 	EXP 	image_2: autoDraw = True
25.1902 	EXP 	polygon_3: autoDraw = True
25.9185 	DATA 	Keypress: e
25.9238 	EXP 	image_2: autoDraw = False
25.9238 	EXP 	polygon_3: autoDraw = False
25.9238 	EXP 	image_3: autoDraw = True
25.9238 	EXP 	polygon_4: autoDraw = True
26.6015 	DATA 	Keypress: d
26.6074 	EXP 	image_3: autoDraw = False
26.6074 	EXP 	polygon_4: autoDraw = False
26.6074 	EXP 	image_4: autoDraw = True
26.6074 	EXP 	polygon_5: autoDraw = True
27.2193 	DATA 	Keypress: a
27.2243 	EXP 	image_4: autoDraw = False
27.2243 	EXP 	polygon_5: autoDraw = False
27.2243 	EXP 	text_2: autoDraw = True
37.2287 	EXP 	text_2: autoDraw = False
38.1164 	EXP 	Created sequence: sequential, trialTypes=1, nReps=100, seed=None
38.1168 	EXP 	New trial (rep=0, index=0): None
38.1340 	DATA 	Keypress: equal
38.1458 	EXP 	text_2: autoDraw = False
38.1458 	EXP 	stim: image = 'imgs/2_stim.png'
38.1458 	EXP 	polygon: autoDraw = True
38.6626 	EXP 	polygon: autoDraw = False
38.8460 	EXP 	stim: autoDraw = True
38.8794 	EXP 	stim: autoDraw = False
38.9127 	EXP 	mask: autoDraw = True
38.9461 	EXP 	mask: autoDraw = False
40.0838 	DATA 	Keypress: q
40.1032 	EXP 	New trial (rep=1, index=0): None
40.1299 	EXP 	polygon: autoDraw = False
40.1299 	EXP 	stim: autoDraw = False
40.1299 	EXP 	mask: autoDraw = False
40.1299 	EXP 	stim: image = 'imgs/1_stim.png'
40.1299 	EXP 	polygon: autoDraw = True
41.0803 	EXP 	polygon: autoDraw = False
41.3971 	EXP 	stim: autoDraw = True
41.4305 	EXP 	stim: autoDraw = False
41.4305 	EXP 	mask: autoDraw = True
41.4638 	EXP 	mask: autoDraw = False
42.1542 	EXP 	New trial (rep=2, index=0): None
42.1717 	DATA 	Keypress: a
42.1808 	EXP 	polygon: autoDraw = False
42.1808 	EXP 	stim: autoDraw = False
42.1808 	EXP 	mask: autoDraw = False
42.1808 	EXP 	stim: image = 'imgs/2_stim.png'
42.1808 	EXP 	polygon: autoDraw = True
42.7310 	EXP 	polygon: autoDraw = False
42.9812 	EXP 	stim: autoDraw = True
43.0145 	EXP 	stim: autoDraw = False
43.0311 	EXP 	mask: autoDraw = True
43.0645 	EXP 	mask: autoDraw = False
43.5358 	DATA 	Keypress: q
43.5540 	EXP 	New trial (rep=3, index=0): None
43.5815 	EXP 	polygon: autoDraw = False
43.5815 	EXP 	stim: autoDraw = False
43.5815 	EXP 	mask: autoDraw = False
43.5815 	EXP 	stim: image = 'imgs/4_stim.png'
43.5815 	EXP 	polygon: autoDraw = True
44.5652 	EXP 	polygon: autoDraw = False
44.6652 	EXP 	stim: autoDraw = True
44.6986 	EXP 	stim: autoDraw = False
44.7486 	EXP 	mask: autoDraw = True
44.7819 	EXP 	mask: autoDraw = False
45.6391 	EXP 	New trial (rep=4, index=0): None
45.6554 	DATA 	Keypress: e
45.6657 	EXP 	polygon: autoDraw = False
45.6657 	EXP 	stim: autoDraw = False
45.6657 	EXP 	mask: autoDraw = False
45.6657 	EXP 	stim: image = 'imgs/3_stim.png'
45.6657 	EXP 	polygon: autoDraw = True
46.2492 	EXP 	polygon: autoDraw = False
46.2827 	EXP 	stim: autoDraw = True
46.3159 	EXP 	stim: autoDraw = False
46.3993 	EXP 	mask: autoDraw = True
46.4326 	EXP 	mask: autoDraw = False
47.0560 	EXP 	New trial (rep=5, index=0): None
47.0732 	DATA 	Keypress: d
47.0829 	EXP 	polygon: autoDraw = False
47.0829 	EXP 	stim: autoDraw = False
47.0829 	EXP 	mask: autoDraw = False
47.0829 	EXP 	stim: image = 'imgs/3_stim.png'
47.0829 	EXP 	polygon: autoDraw = True
47.7499 	EXP 	polygon: autoDraw = False
48.0500 	EXP 	stim: autoDraw = True
48.0833 	EXP 	stim: autoDraw = False
48.1000 	EXP 	mask: autoDraw = True
48.1334 	EXP 	mask: autoDraw = False
48.9567 	EXP 	New trial (rep=6, index=0): None
48.9740 	DATA 	Keypress: q
48.9838 	EXP 	polygon: autoDraw = False
48.9838 	EXP 	stim: autoDraw = False
48.9838 	EXP 	mask: autoDraw = False
48.9838 	EXP 	stim: image = 'imgs/3_stim.png'
48.9838 	EXP 	polygon: autoDraw = True
49.7173 	EXP 	polygon: autoDraw = False
49.9175 	EXP 	stim: autoDraw = True
49.9508 	EXP 	stim: autoDraw = False
49.9841 	EXP 	mask: autoDraw = True
50.0175 	EXP 	mask: autoDraw = False
50.5737 	EXP 	New trial (rep=7, index=0): None
50.5909 	DATA 	Keypress: a
50.6011 	EXP 	polygon: autoDraw = False
50.6011 	EXP 	stim: autoDraw = False
50.6011 	EXP 	mask: autoDraw = False
50.6011 	EXP 	stim: image = 'imgs/1_stim.png'
50.6011 	EXP 	polygon: autoDraw = True
51.2013 	EXP 	polygon: autoDraw = False
51.4014 	EXP 	stim: autoDraw = True
51.4348 	EXP 	stim: autoDraw = False
51.4848 	EXP 	mask: autoDraw = True
51.5181 	EXP 	mask: autoDraw = False
51.7728 	DATA 	Keypress: escape
51.9117 	EXP 	window1: mouseVisible = True
