2.0853 	WARNING 	We strongly recommend you activate the PTB sound engine in PsychoPy prefs as the preferred audio engine. Its timing is vastly superior. Your prefs are currently set to use ['sounddevice', 'PTB', 'pyo', 'pygame'] (in that order).
9.7443 	WARNING 	User requested fullscreen with size [1024  768], but screen is actually [2560, 1440]. Using actual size
10.5190 	EXP 	Created window1 = Window(allowGUI=False, allowStencil=False, autoLog=True, backendConf=UNKNOWN, bitsMode=UNKNOWN, blendMode='avg', bpc=(8, 8, 8), color=array([0, 0, 0]), colorSpace='rgb', depthBits=8, fullscr=<method-wrapper '__getattribute__' of attributeSetter object at 0x000001AE59F56278>, gamma=None, gammaErrorPolicy='raise', lms=UNKNOWN, monitor=<psychopy.monitors.calibTools.Monitor object at 0x000001AE59FDE6D8>, multiSample=False, name='window1', numSamples=2, pos=[0.0, 0.0], screen=0, size=array([2560, 1440]), stencilBits=0, stereo=False, units='height', useFBO=True, useRetina=False, viewOri=0.0, viewPos=None, viewScale=None, waitBlanking=True, winType='pyglet')
10.5191 	EXP 	window1: mouseVisible = True
10.5191 	EXP 	window1: recordFrameIntervals = False
10.5881 	EXP 	window1: recordFrameIntervals = True
10.6646 	EXP 	window1: recordFrameIntervals = False
11.4767 	EXP 	Created text_3 = TextStim(__class__=<class 'psychopy.visual.text.TextStim'>, alignHoriz=method-wrapper(...), alignText='center', alignVert=method-wrapper(...), anchorHoriz='center', anchorVert='center', antialias=True, autoLog=True, bold=False, color=array([1., 1., 1.]), colorSpace='rgb', contrast=1.0, depth=0.0, flipHoriz=False, flipVert=False, font='Open Sans', fontFiles=[], height=0.1, italic=False, languageStyle='LTR', name='text_3', opacity=1, ori=0.0, pos=array([0., 0.]), rgb=UNKNOWN, text=str(...), units='height', win=Window(...), wrapWidth=1)
12.0485 	EXP 	Created image = ImageStim(__class__=<class 'psychopy.visual.image.ImageStim'>, autoLog=True, color=array([1., 1., 1.]), colorSpace='rgb', contrast=1.0, depth=0.0, flipHoriz=False, flipVert=False, image='imgs/1_1.png', interpolate=True, mask=None, maskParams=None, name='image', opacity=1, ori=0.0, pos=array([0., 0.]), size=array([0.5, 0.5]), texRes=128.0, units='height', win=Window(...))
12.5471 	EXP 	Created image_2 = ImageStim(__class__=<class 'psychopy.visual.image.ImageStim'>, autoLog=True, color=array([1., 1., 1.]), colorSpace='rgb', contrast=1.0, depth=0.0, flipHoriz=False, flipVert=False, image='imgs/2_1.png', interpolate=True, mask=None, maskParams=None, name='image_2', opacity=1, ori=0.0, pos=array([0., 0.]), size=array([0.5, 0.5]), texRes=128.0, units='height', win=Window(...))
13.0228 	EXP 	Created image_3 = ImageStim(__class__=<class 'psychopy.visual.image.ImageStim'>, autoLog=True, color=array([1., 1., 1.]), colorSpace='rgb', contrast=1.0, depth=0.0, flipHoriz=False, flipVert=False, image='imgs/3_1.png', interpolate=True, mask=None, maskParams=None, name='image_3', opacity=1, ori=0.0, pos=array([0., 0.]), size=array([0.5, 0.5]), texRes=128.0, units='height', win=Window(...))
13.5054 	EXP 	Created image_4 = ImageStim(__class__=<class 'psychopy.visual.image.ImageStim'>, autoLog=True, color=array([1., 1., 1.]), colorSpace='rgb', contrast=1.0, depth=0.0, flipHoriz=False, flipVert=False, image='imgs/4_1.png', interpolate=True, mask=None, maskParams=None, name='image_4', opacity=1, ori=0.0, pos=array([0., 0.]), size=array([0.5, 0.5]), texRes=128.0, units='height', win=Window(...))
13.5363 	EXP 	Created text = TextStim(__class__=<class 'psychopy.visual.text.TextStim'>, alignHoriz=method-wrapper(...), alignText='center', alignVert=method-wrapper(...), anchorHoriz='center', anchorVert='center', antialias=True, autoLog=True, bold=False, color=array([1., 1., 1.]), colorSpace='rgb', contrast=1.0, depth=0.0, flipHoriz=False, flipVert=False, font='Open Sans', fontFiles=[], height=0.05, italic=False, languageStyle='LTR', name='text', opacity=1, ori=0.0, pos=array([0., 0.]), rgb=UNKNOWN, text=str(...), units='height', win=Window(...), wrapWidth=1)
13.5419 	EXP 	Created polygon = ShapeStim(__class__=<class 'psychopy.visual.shape.ShapeStim'>, autoDraw=False, autoLog=True, closeShape=True, color=method-wrapper(...), colorSpace='rgb', contrast=None, depth=-1.0, fillColor=array([1, 1, 1]), fillColorSpace='rgb', fillRGB=array([1, 1, 1]), interpolate=True, lineColor=array([1., 1., 1.]), lineColorSpace='rgb', lineRGB=array([1, 1, 1]), lineWidth=1.0, name='polygon', opacity=1, ori=0.0, pos=array([0., 0.]), size=array([0.01, 0.01]), units='height', vertices=ndarray(...), win=Window(...), windingRule=None)
14.0332 	EXP 	Created stim = ImageStim(__class__=<class 'psychopy.visual.image.ImageStim'>, autoLog=True, color=array([1., 1., 1.]), colorSpace='rgb', contrast=1.0, depth=-2.0, flipHoriz=False, flipVert=False, image='imgs/1_1.png', interpolate=True, mask=None, maskParams=None, name='stim', opacity=1, ori=0.0, pos=array([0., 0.]), size=array([0.5, 0.5]), texRes=128.0, units='height', win=Window(...))
14.5066 	EXP 	Created mask = ImageStim(__class__=<class 'psychopy.visual.image.ImageStim'>, autoLog=True, color=array([1., 1., 1.]), colorSpace='rgb', contrast=1.0, depth=-3.0, flipHoriz=False, flipVert=False, image='imgs/1_2.png', interpolate=True, mask=None, maskParams=None, name='mask', opacity=1, ori=0.0, pos=array([0., 0.]), size=array([0.5, 0.5]), texRes=128.0, units='height', win=Window(...))
14.5166 	EXP 	Created text_2 = TextStim(__class__=<class 'psychopy.visual.text.TextStim'>, alignHoriz=method-wrapper(...), alignText='center', alignVert=method-wrapper(...), anchorHoriz='center', anchorVert='center', antialias=True, autoLog=True, bold=False, color=array([1., 1., 1.]), colorSpace='rgb', contrast=1.0, depth=0.0, flipHoriz=False, flipVert=False, font='Open Sans', fontFiles=[], height=0.1, italic=False, languageStyle='LTR', name='text_2', opacity=1, ori=0.0, pos=array([0., 0.]), rgb=UNKNOWN, text='Thank You!!', units='height', win=Window(...), wrapWidth=1)
14.5458 	DATA 	Mouse: Left button down, pos=(2126,725)
14.5461 	DATA 	Mouse:  Left button up, pos=(2126,725)
14.6382 	EXP 	text_3: autoDraw = True
15.1899 	DATA 	Keypress: equal
15.1991 	EXP 	text_3: autoDraw = False
15.1991 	EXP 	image: autoDraw = True
16.4675 	DATA 	Keypress: q
16.4839 	EXP 	image: autoDraw = False
16.4839 	EXP 	image_2: autoDraw = True
17.1268 	DATA 	Keypress: e
17.1436 	EXP 	image_2: autoDraw = False
17.1436 	EXP 	image_3: autoDraw = True
18.1364 	DATA 	Keypress: d
18.1436 	EXP 	image_3: autoDraw = False
18.1436 	EXP 	image_4: autoDraw = True
18.6921 	DATA 	Keypress: a
18.6992 	EXP 	image_4: autoDraw = False
18.6992 	EXP 	text: autoDraw = True
19.6330 	DATA 	Keypress: equal
23.7309 	EXP 	Created sequence: sequential, trialTypes=1, nReps=100, seed=None
23.7314 	EXP 	New trial (rep=0, index=0): None
23.7347 	DATA 	Keypress: equal
23.7409 	EXP 	text: autoDraw = False
23.7409 	EXP 	polygon: autoDraw = True
24.7339 	EXP 	stim: autoDraw = True
24.7408 	EXP 	polygon: autoDraw = False
24.7686 	EXP 	stim: autoDraw = False
24.9075 	EXP 	mask: autoDraw = True
24.9422 	EXP 	mask: autoDraw = False
26.6507 	EXP 	New trial (rep=1, index=0): None
26.6537 	DATA 	Keypress: q
26.6576 	EXP 	polygon: autoDraw = False
26.6576 	EXP 	stim: autoDraw = False
26.6576 	EXP 	mask: autoDraw = False
26.6576 	EXP 	polygon: autoDraw = True
27.6437 	EXP 	stim: autoDraw = True
27.6576 	EXP 	polygon: autoDraw = False
27.6784 	EXP 	stim: autoDraw = False
27.7895 	EXP 	mask: autoDraw = True
27.8243 	EXP 	mask: autoDraw = False
28.8023 	EXP 	New trial (rep=2, index=0): None
28.8047 	DATA 	Keypress: q
28.8103 	EXP 	polygon: autoDraw = False
28.8103 	EXP 	stim: autoDraw = False
28.8103 	EXP 	mask: autoDraw = False
28.8103 	EXP 	polygon: autoDraw = True
29.8034 	EXP 	stim: autoDraw = True
29.8104 	EXP 	polygon: autoDraw = False
29.8381 	EXP 	stim: autoDraw = False
30.0812 	EXP 	mask: autoDraw = True
30.1159 	EXP 	mask: autoDraw = False
31.2517 	DATA 	Keypress: d
31.2611 	EXP 	New trial (rep=3, index=0): None
31.2687 	EXP 	polygon: autoDraw = False
31.2687 	EXP 	stim: autoDraw = False
31.2687 	EXP 	mask: autoDraw = False
31.2687 	EXP 	polygon: autoDraw = True
32.2618 	EXP 	stim: autoDraw = True
32.2687 	EXP 	polygon: autoDraw = False
32.2965 	EXP 	stim: autoDraw = False
32.5187 	EXP 	mask: autoDraw = True
32.5534 	EXP 	mask: autoDraw = False
33.3150 	DATA 	Keypress: q
33.3241 	EXP 	New trial (rep=4, index=0): None
33.3312 	EXP 	polygon: autoDraw = False
33.3312 	EXP 	stim: autoDraw = False
33.3312 	EXP 	mask: autoDraw = False
33.3312 	EXP 	polygon: autoDraw = True
34.3243 	EXP 	stim: autoDraw = True
34.3312 	EXP 	polygon: autoDraw = False
34.3590 	EXP 	stim: autoDraw = False
34.5882 	EXP 	mask: autoDraw = True
34.6229 	EXP 	mask: autoDraw = False
35.8585 	EXP 	New trial (rep=5, index=0): None
35.8610 	DATA 	Keypress: e
35.8660 	EXP 	polygon: autoDraw = False
35.8660 	EXP 	stim: autoDraw = False
35.8660 	EXP 	mask: autoDraw = False
35.8660 	EXP 	polygon: autoDraw = True
36.8590 	EXP 	stim: autoDraw = True
36.8659 	EXP 	polygon: autoDraw = False
36.8937 	EXP 	stim: autoDraw = False
37.1368 	EXP 	mask: autoDraw = True
37.1715 	EXP 	mask: autoDraw = False
38.0533 	EXP 	New trial (rep=6, index=0): None
38.0556 	DATA 	Keypress: q
38.0604 	EXP 	polygon: autoDraw = False
38.0604 	EXP 	stim: autoDraw = False
38.0604 	EXP 	mask: autoDraw = False
38.0604 	EXP 	polygon: autoDraw = True
39.0535 	EXP 	stim: autoDraw = True
39.0604 	EXP 	polygon: autoDraw = False
39.0882 	EXP 	stim: autoDraw = False
39.2757 	EXP 	mask: autoDraw = True
39.3104 	EXP 	mask: autoDraw = False
40.2255 	DATA 	Keypress: d
40.2335 	EXP 	New trial (rep=7, index=0): None
40.2410 	EXP 	polygon: autoDraw = False
40.2410 	EXP 	stim: autoDraw = False
40.2410 	EXP 	mask: autoDraw = False
40.2410 	EXP 	polygon: autoDraw = True
41.2341 	EXP 	stim: autoDraw = True
41.2410 	EXP 	polygon: autoDraw = False
41.2688 	EXP 	stim: autoDraw = False
41.4771 	EXP 	mask: autoDraw = True
41.5118 	EXP 	mask: autoDraw = False
41.9763 	EXP 	New trial (rep=8, index=0): None
41.9786 	DATA 	Keypress: q
41.9841 	EXP 	polygon: autoDraw = False
41.9841 	EXP 	stim: autoDraw = False
41.9841 	EXP 	mask: autoDraw = False
41.9841 	EXP 	polygon: autoDraw = True
42.9771 	EXP 	stim: autoDraw = True
42.9840 	EXP 	polygon: autoDraw = False
43.0118 	EXP 	stim: autoDraw = False
43.1437 	EXP 	mask: autoDraw = True
43.1785 	EXP 	mask: autoDraw = False
43.5580 	DATA 	Keypress: escape
43.7171 	EXP 	window1: mouseVisible = True
