1.9279 	WARNING 	We strongly recommend you activate the PTB sound engine in PsychoPy prefs as the preferred audio engine. Its timing is vastly superior. Your prefs are currently set to use ['sounddevice', 'PTB', 'pyo', 'pygame'] (in that order).
7.2480 	EXP 	Created window1 = Window(allowGUI=False, allowStencil=False, autoLog=True, backendConf=UNKNOWN, bitsMode=UNKNOWN, blendMode='avg', bpc=(8, 8, 8), color=array([0, 0, 0]), colorSpace='rgb', depthBits=8, fullscr=<method-wrapper '__getattribute__' of attributeSetter object at 0x000001E8A2A4E278>, gamma=None, gammaErrorPolicy='raise', lms=UNKNOWN, monitor=<psychopy.monitors.calibTools.Monitor object at 0x000001E8A2ACC6D8>, multiSample=False, name='window1', numSamples=2, pos=[0.0, 0.0], screen=0, size=array([2560, 1440]), stencilBits=0, stereo=False, units='height', useFBO=True, useRetina=False, viewOri=0.0, viewPos=None, viewScale=None, waitBlanking=True, winType='pyglet')
7.2481 	EXP 	window1: mouseVisible = True
7.2481 	EXP 	window1: recordFrameIntervals = False
7.3169 	EXP 	window1: recordFrameIntervals = True
7.3940 	EXP 	window1: recordFrameIntervals = False
8.0343 	EXP 	Created text_3 = TextStim(__class__=<class 'psychopy.visual.text.TextStim'>, alignHoriz=method-wrapper(...), alignText='center', alignVert=method-wrapper(...), anchorHoriz='center', anchorVert='center', antialias=True, autoLog=True, bold=False, color=array([1., 1., 1.]), colorSpace='rgb', contrast=1.0, depth=0.0, flipHoriz=False, flipVert=False, font='Open Sans', fontFiles=[], height=0.1, italic=False, languageStyle='LTR', name='text_3', opacity=1, ori=0.0, pos=array([0., 0.]), rgb=UNKNOWN, text=str(...), units='height', win=Window(...), wrapWidth=1)
8.5720 	EXP 	Created image = ImageStim(__class__=<class 'psychopy.visual.image.ImageStim'>, autoLog=True, color=array([1., 1., 1.]), colorSpace='rgb', contrast=1.0, depth=0.0, flipHoriz=False, flipVert=False, image='imgs/1_1.png', interpolate=True, mask=None, maskParams=None, name='image', opacity=1, ori=0.0, pos=array([0., 0.]), size=array([0.5, 0.5]), texRes=128.0, units='height', win=Window(...))
9.0716 	EXP 	Created image_2 = ImageStim(__class__=<class 'psychopy.visual.image.ImageStim'>, autoLog=True, color=array([1., 1., 1.]), colorSpace='rgb', contrast=1.0, depth=0.0, flipHoriz=False, flipVert=False, image='imgs/2_1.png', interpolate=True, mask=None, maskParams=None, name='image_2', opacity=1, ori=0.0, pos=array([0., 0.]), size=array([0.5, 0.5]), texRes=128.0, units='height', win=Window(...))
9.5583 	EXP 	Created image_3 = ImageStim(__class__=<class 'psychopy.visual.image.ImageStim'>, autoLog=True, color=array([1., 1., 1.]), colorSpace='rgb', contrast=1.0, depth=0.0, flipHoriz=False, flipVert=False, image='imgs/3_1.png', interpolate=True, mask=None, maskParams=None, name='image_3', opacity=1, ori=0.0, pos=array([0., 0.]), size=array([0.5, 0.5]), texRes=128.0, units='height', win=Window(...))
10.0469 	EXP 	Created image_4 = ImageStim(__class__=<class 'psychopy.visual.image.ImageStim'>, autoLog=True, color=array([1., 1., 1.]), colorSpace='rgb', contrast=1.0, depth=0.0, flipHoriz=False, flipVert=False, image='imgs/4_1.png', interpolate=True, mask=None, maskParams=None, name='image_4', opacity=1, ori=0.0, pos=array([0., 0.]), size=array([0.5, 0.5]), texRes=128.0, units='height', win=Window(...))
10.0753 	EXP 	Created text = TextStim(__class__=<class 'psychopy.visual.text.TextStim'>, alignHoriz=method-wrapper(...), alignText='center', alignVert=method-wrapper(...), anchorHoriz='center', anchorVert='center', antialias=True, autoLog=True, bold=False, color=array([1., 1., 1.]), colorSpace='rgb', contrast=1.0, depth=0.0, flipHoriz=False, flipVert=False, font='Open Sans', fontFiles=[], height=0.05, italic=False, languageStyle='LTR', name='text', opacity=1, ori=0.0, pos=array([0., 0.]), rgb=UNKNOWN, text=str(...), units='height', win=Window(...), wrapWidth=1)
10.0807 	EXP 	Created polygon = ShapeStim(__class__=<class 'psychopy.visual.shape.ShapeStim'>, autoDraw=False, autoLog=True, closeShape=True, color=method-wrapper(...), colorSpace='rgb', contrast=None, depth=-1.0, fillColor=array([1, 1, 1]), fillColorSpace='rgb', fillRGB=array([1, 1, 1]), interpolate=True, lineColor=array([1., 1., 1.]), lineColorSpace='rgb', lineRGB=array([1, 1, 1]), lineWidth=1.0, name='polygon', opacity=1, ori=0.0, pos=array([0., 0.]), size=array([0.01, 0.01]), units='height', vertices=ndarray(...), win=Window(...), windingRule=None)
10.5937 	EXP 	Created stim = ImageStim(__class__=<class 'psychopy.visual.image.ImageStim'>, autoLog=True, color=array([1., 1., 1.]), colorSpace='rgb', contrast=1.0, depth=-2.0, flipHoriz=False, flipVert=False, image='imgs/1_1.png', interpolate=True, mask=None, maskParams=None, name='stim', opacity=1, ori=0.0, pos=array([0., 0.]), size=array([0.5, 0.5]), texRes=128.0, units='height', win=Window(...))
11.0872 	EXP 	Created mask = ImageStim(__class__=<class 'psychopy.visual.image.ImageStim'>, autoLog=True, color=array([1., 1., 1.]), colorSpace='rgb', contrast=1.0, depth=-3.0, flipHoriz=False, flipVert=False, image='imgs/1_2.png', interpolate=True, mask=None, maskParams=None, name='mask', opacity=1, ori=0.0, pos=array([0., 0.]), size=array([0.5, 0.5]), texRes=128.0, units='height', win=Window(...))
11.0966 	EXP 	Created text_2 = TextStim(__class__=<class 'psychopy.visual.text.TextStim'>, alignHoriz=method-wrapper(...), alignText='center', alignVert=method-wrapper(...), anchorHoriz='center', anchorVert='center', antialias=True, autoLog=True, bold=False, color=array([1., 1., 1.]), colorSpace='rgb', contrast=1.0, depth=0.0, flipHoriz=False, flipVert=False, font='Open Sans', fontFiles=[], height=0.1, italic=False, languageStyle='LTR', name='text_2', opacity=1, ori=0.0, pos=array([0., 0.]), rgb=UNKNOWN, text='Thank You!!', units='height', win=Window(...), wrapWidth=1)
11.1282 	DATA 	Mouse: Left button down, pos=(1856,668)
11.1291 	DATA 	Mouse:  Left button up, pos=(1856,668)
11.1307 	DATA 	Mouse: Left button down, pos=(2220,663)
11.1312 	DATA 	Mouse:  Left button up, pos=(2220,663)
11.2231 	EXP 	text_3: autoDraw = True
12.3979 	DATA 	Keypress: equal
12.4136 	EXP 	text_3: autoDraw = False
12.4136 	EXP 	image: autoDraw = True
13.2793 	DATA 	Keypress: q
13.2955 	EXP 	image: autoDraw = False
13.2955 	EXP 	image_2: autoDraw = True
13.5800 	DATA 	Keypress: e
13.5872 	EXP 	image_2: autoDraw = False
13.5872 	EXP 	image_3: autoDraw = True
14.2110 	DATA 	Keypress: d
14.2122 	EXP 	image_3: autoDraw = False
14.2122 	EXP 	image_4: autoDraw = True
14.4756 	DATA 	Keypress: a
14.4830 	EXP 	image_4: autoDraw = False
14.4830 	EXP 	text: autoDraw = True
15.4805 	DATA 	Keypress: equal
15.4869 	EXP 	Created sequence: sequential, trialTypes=1, nReps=100, seed=None
15.4874 	EXP 	New trial (rep=0, index=0): None
15.4969 	EXP 	text: autoDraw = False
15.4969 	EXP 	polygon: autoDraw = True
16.4900 	EXP 	stim: autoDraw = True
16.4970 	EXP 	polygon: autoDraw = False
16.5803 	EXP 	mask: autoDraw = True
16.6150 	EXP 	mask: autoDraw = False
17.5247 	EXP 	stim: autoDraw = False
22.3236 	EXP 	New trial (rep=1, index=0): None
22.3260 	DATA 	Keypress: q
22.3304 	EXP 	polygon: autoDraw = False
22.3304 	EXP 	stim: autoDraw = False
22.3304 	EXP 	mask: autoDraw = False
22.3304 	EXP 	polygon: autoDraw = True
23.3165 	EXP 	stim: autoDraw = True
23.3304 	EXP 	polygon: autoDraw = False
23.3789 	EXP 	mask: autoDraw = True
23.4137 	EXP 	mask: autoDraw = False
24.3511 	EXP 	stim: autoDraw = False
28.3549 	DATA 	Keypress: q
28.3642 	EXP 	New trial (rep=2, index=0): None
28.3721 	EXP 	polygon: autoDraw = False
28.3721 	EXP 	stim: autoDraw = False
28.3721 	EXP 	mask: autoDraw = False
28.3721 	EXP 	polygon: autoDraw = True
29.3651 	EXP 	stim: autoDraw = True
29.3720 	EXP 	polygon: autoDraw = False
29.5595 	EXP 	mask: autoDraw = True
29.5943 	EXP 	mask: autoDraw = False
30.3998 	EXP 	stim: autoDraw = False
32.8418 	DATA 	Keypress: escape
33.0253 	EXP 	window1: mouseVisible = True
