6.4891 	WARNING 	We strongly recommend you activate the PTB sound engine in PsychoPy prefs as the preferred audio engine. Its timing is vastly superior. Your prefs are currently set to use ['sounddevice', 'PTB', 'pyo', 'pygame'] (in that order).
18.9688 	EXP 	Created window1 = Window(allowGUI=False, allowStencil=False, autoLog=True, backendConf=UNKNOWN, bitsMode=UNKNOWN, blendMode='avg', bpc=(8, 8, 8), color=array([1, 1, 1]), colorSpace='rgb', depthBits=8, fullscr=<method-wrapper '__getattribute__' of attributeSetter object at 0x000002019EB42C50>, gamma=None, gammaErrorPolicy='raise', lms=UNKNOWN, monitor=<psychopy.monitors.calibTools.Monitor object at 0x000002019EB2D0B8>, multiSample=False, name='window1', numSamples=2, pos=[0.0, 0.0], screen=1, size=array([3440, 1440]), stencilBits=0, stereo=False, units='height', useFBO=True, useRetina=False, viewOri=0.0, viewPos=None, viewScale=None, waitBlanking=True, winType='pyglet')
18.9695 	EXP 	window1: mouseVisible = True
18.9695 	EXP 	window1: recordFrameIntervals = False
19.1351 	EXP 	window1: recordFrameIntervals = True
19.3188 	EXP 	window1: recordFrameIntervals = False
20.5232 	EXP 	Created text = TextStim(__class__=<class 'psychopy.visual.text.TextStim'>, alignHoriz=method-wrapper(...), alignText='center', alignVert=method-wrapper(...), anchorHoriz='center', anchorVert='center', antialias=True, autoLog=True, bold=False, color=array([-1., -1., -1.]), colorSpace='rgb', contrast=1.0, depth=0.0, flipHoriz=False, flipVert=False, font='Open Sans', fontFiles=[], height=0.1, italic=False, languageStyle='LTR', name='text', opacity=1, ori=0.0, pos=array([0., 0.]), rgb=UNKNOWN, text=str(...), units='height', win=Window(...), wrapWidth=1)
20.6830 	EXP 	Created image_5 = ImageStim(__class__=<class 'psychopy.visual.image.ImageStim'>, autoLog=True, color=array([1., 1., 1.]), colorSpace='rgb', contrast=1.0, depth=0.0, flipHoriz=False, flipVert=False, image='imgs/mask.png', interpolate=True, mask=None, maskParams=None, name='image_5', opacity=1, ori=0.0, pos=array([0., 0.]), size=array([1., 1.]), texRes=128.0, units='height', win=Window(...))
20.8031 	EXP 	Created image_6 = ImageStim(__class__=<class 'psychopy.visual.image.ImageStim'>, autoLog=True, color=array([1., 1., 1.]), colorSpace='rgb', contrast=1.0, depth=-1.0, flipHoriz=False, flipVert=False, image='imgs/1_stim.png', interpolate=True, mask=None, maskParams=None, name='image_6', opacity=1, ori=0.0, pos=array([0., 0.]), size=array([1., 1.]), texRes=128.0, units='height', win=Window(...))
20.9263 	EXP 	Created image_7 = ImageStim(__class__=<class 'psychopy.visual.image.ImageStim'>, autoLog=True, color=array([1., 1., 1.]), colorSpace='rgb', contrast=1.0, depth=-2.0, flipHoriz=False, flipVert=False, image='imgs/2_stim.png', interpolate=True, mask=None, maskParams=None, name='image_7', opacity=1, ori=0.0, pos=array([0., 0.]), size=array([1., 1.]), texRes=128.0, units='height', win=Window(...))
21.0454 	EXP 	Created image_8 = ImageStim(__class__=<class 'psychopy.visual.image.ImageStim'>, autoLog=True, color=array([1., 1., 1.]), colorSpace='rgb', contrast=1.0, depth=-3.0, flipHoriz=False, flipVert=False, image='imgs/4_stim.png', interpolate=True, mask=None, maskParams=None, name='image_8', opacity=1, ori=0.0, pos=array([0., 0.]), size=array([1., 1.]), texRes=128.0, units='height', win=Window(...))
21.1638 	EXP 	Created image_9 = ImageStim(__class__=<class 'psychopy.visual.image.ImageStim'>, autoLog=True, color=array([1., 1., 1.]), colorSpace='rgb', contrast=1.0, depth=-4.0, flipHoriz=False, flipVert=False, image='imgs/3_stim.png', interpolate=True, mask=None, maskParams=None, name='image_9', opacity=1, ori=0.0, pos=array([0., 0.]), size=array([1., 1.]), texRes=128.0, units='height', win=Window(...))
21.1702 	EXP 	Created polygon_6 = ShapeStim(__class__=<class 'psychopy.visual.shape.ShapeStim'>, autoDraw=False, autoLog=True, closeShape=True, color=method-wrapper(...), colorSpace='rgb', contrast=None, depth=-6.0, fillColor=array([-1, -1, -1]), fillColorSpace='rgb', fillRGB=array([-1, -1, -1]), interpolate=True, lineColor=array([1., 1., 1.]), lineColorSpace='rgb', lineRGB=array([1, 1, 1]), lineWidth=1.0, name='polygon_6', opacity=1, ori=0.0, pos=array([0., 0.]), size=array([0.1, 0.1]), units='height', vertices=ndarray(...), win=Window(...), windingRule=None)
21.2868 	EXP 	Created image = ImageStim(__class__=<class 'psychopy.visual.image.ImageStim'>, autoLog=True, color=array([1., 1., 1.]), colorSpace='rgb', contrast=1.0, depth=0.0, flipHoriz=False, flipVert=False, image='imgs/2_stim.png', interpolate=True, mask=None, maskParams=None, name='image', opacity=1, ori=0.0, pos=array([0., 0.]), size=array([1., 1.]), texRes=128.0, units='height', win=Window(...))
21.2894 	EXP 	Created polygon_2 = ShapeStim(__class__=<class 'psychopy.visual.shape.ShapeStim'>, autoDraw=False, autoLog=True, closeShape=True, color=method-wrapper(...), colorSpace='rgb', contrast=None, depth=-2.0, fillColor=array([-1, -1, -1]), fillColorSpace='rgb', fillRGB=array([-1, -1, -1]), interpolate=True, lineColor=array([1., 1., 1.]), lineColorSpace='rgb', lineRGB=array([1, 1, 1]), lineWidth=1.0, name='polygon_2', opacity=1, ori=0.0, pos=array([0., 0.]), size=array([0.1, 0.1]), units='height', vertices=ndarray(...), win=Window(...), windingRule=None)
21.4043 	EXP 	Created image_2 = ImageStim(__class__=<class 'psychopy.visual.image.ImageStim'>, autoLog=True, color=array([1., 1., 1.]), colorSpace='rgb', contrast=1.0, depth=0.0, flipHoriz=False, flipVert=False, image='imgs/4_stim.png', interpolate=True, mask=None, maskParams=None, name='image_2', opacity=1, ori=0.0, pos=array([0., 0.]), size=array([1., 1.]), texRes=128.0, units='height', win=Window(...))
21.4067 	EXP 	Created polygon_3 = ShapeStim(__class__=<class 'psychopy.visual.shape.ShapeStim'>, autoDraw=False, autoLog=True, closeShape=True, color=method-wrapper(...), colorSpace='rgb', contrast=None, depth=-2.0, fillColor=array([-1, -1, -1]), fillColorSpace='rgb', fillRGB=array([-1, -1, -1]), interpolate=True, lineColor=array([1., 1., 1.]), lineColorSpace='rgb', lineRGB=array([1, 1, 1]), lineWidth=1.0, name='polygon_3', opacity=1, ori=0.0, pos=array([0., 0.]), size=array([0.1, 0.1]), units='height', vertices=ndarray(...), win=Window(...), windingRule=None)
21.5250 	EXP 	Created image_3 = ImageStim(__class__=<class 'psychopy.visual.image.ImageStim'>, autoLog=True, color=array([1., 1., 1.]), colorSpace='rgb', contrast=1.0, depth=0.0, flipHoriz=False, flipVert=False, image='imgs/3_stim.png', interpolate=True, mask=None, maskParams=None, name='image_3', opacity=1, ori=0.0, pos=array([0., 0.]), size=array([1., 1.]), texRes=128.0, units='height', win=Window(...))
21.5290 	EXP 	Created polygon_4 = ShapeStim(__class__=<class 'psychopy.visual.shape.ShapeStim'>, autoDraw=False, autoLog=True, closeShape=True, color=method-wrapper(...), colorSpace='rgb', contrast=None, depth=-2.0, fillColor=array([-1, -1, -1]), fillColorSpace='rgb', fillRGB=array([-1, -1, -1]), interpolate=True, lineColor=array([1., 1., 1.]), lineColorSpace='rgb', lineRGB=array([1, 1, 1]), lineWidth=1.0, name='polygon_4', opacity=1, ori=0.0, pos=array([0., 0.]), size=array([0.1, 0.1]), units='height', vertices=ndarray(...), win=Window(...), windingRule=None)
21.6481 	EXP 	Created image_4 = ImageStim(__class__=<class 'psychopy.visual.image.ImageStim'>, autoLog=True, color=array([1., 1., 1.]), colorSpace='rgb', contrast=1.0, depth=0.0, flipHoriz=False, flipVert=False, image='imgs/1_stim.png', interpolate=True, mask=None, maskParams=None, name='image_4', opacity=1, ori=0.0, pos=array([0., 0.]), size=array([1., 1.]), texRes=128.0, units='height', win=Window(...))
21.6505 	EXP 	Created polygon_5 = ShapeStim(__class__=<class 'psychopy.visual.shape.ShapeStim'>, autoDraw=False, autoLog=True, closeShape=True, color=method-wrapper(...), colorSpace='rgb', contrast=None, depth=-2.0, fillColor=array([-1, -1, -1]), fillColorSpace='rgb', fillRGB=array([-1, -1, -1]), interpolate=True, lineColor=array([1., 1., 1.]), lineColorSpace='rgb', lineRGB=array([1, 1, 1]), lineWidth=1.0, name='polygon_5', opacity=1, ori=0.0, pos=array([0., 0.]), size=array([0.1, 0.1]), units='height', vertices=ndarray(...), win=Window(...), windingRule=None)
21.6607 	EXP 	Created text_2 = TextStim(__class__=<class 'psychopy.visual.text.TextStim'>, alignHoriz=method-wrapper(...), alignText='center', alignVert=method-wrapper(...), anchorHoriz='center', anchorVert='center', antialias=True, autoLog=True, bold=False, color=array([-1., -1., -1.]), colorSpace='rgb', contrast=1.0, depth=0.0, flipHoriz=False, flipVert=False, font='Open Sans', fontFiles=[], height=0.1, italic=False, languageStyle='LTR', name='text_2', opacity=1, ori=0.0, pos=array([0., 0.]), rgb=UNKNOWN, text="Press '=' to continue to main trials", units='height', win=Window(...), wrapWidth=1)
21.6632 	EXP 	Created polygon = ShapeStim(__class__=<class 'psychopy.visual.shape.ShapeStim'>, autoDraw=False, autoLog=True, closeShape=True, color=method-wrapper(...), colorSpace='rgb', contrast=None, depth=0.0, fillColor=array([0.00392157, 0.00392157, 0.00392157]), fillColorSpace='rgb', fillRGB=array([0.00392157, 0.00392157, 0.00392157]), interpolate=False, lineColor=array([1., 1., 1.]), lineColorSpace='rgb', lineRGB=array([1, 1, 1]), lineWidth=1.0, name='polygon', opacity=1, ori=0.0, pos=array([0., 0.]), size=array([0.1, 0.1]), units='height', vertices=ndarray(...), win=Window(...), windingRule=None)
21.6674 	EXP 	Created stim = ImageStim(__class__=<class 'psychopy.visual.image.ImageStim'>, autoLog=True, color=array([1., 1., 1.]), colorSpace='rgb', contrast=1.0, depth=-2.0, flipHoriz=False, flipVert=False, image='sin', interpolate=False, mask=None, maskParams=None, name='stim', opacity=1, ori=0.0, pos=array([0., 0.]), size=array([1., 1.]), texRes=128.0, units='height', win=Window(...))
21.7333 	EXP 	Created mask = ImageStim(__class__=<class 'psychopy.visual.image.ImageStim'>, autoLog=True, color=array([1., 1., 1.]), colorSpace='rgb', contrast=1.0, depth=-3.0, flipHoriz=False, flipVert=False, image='imgs/mask.png', interpolate=False, mask=None, maskParams=None, name='mask', opacity=1, ori=0.0, pos=array([0., 0.]), size=array([1., 1.]), texRes=128.0, units='height', win=Window(...))
21.7418 	EXP 	Created text_3 = TextStim(__class__=<class 'psychopy.visual.text.TextStim'>, alignHoriz=method-wrapper(...), alignText='center', alignVert=method-wrapper(...), anchorHoriz='center', anchorVert='center', antialias=True, autoLog=True, bold=False, color=array([-1., -1., -1.]), colorSpace='rgb', contrast=1.0, depth=0.0, flipHoriz=False, flipVert=False, font='Open Sans', fontFiles=[], height=0.1, italic=False, languageStyle='LTR', name='text_3', opacity=1, ori=0.0, pos=array([0., 0.]), rgb=UNKNOWN, text='Thank you!!', units='height', win=Window(...), wrapWidth=1)
21.7740 	DATA 	Mouse: Left button down, pos=(3002,215)
21.7742 	DATA 	Mouse:  Left button up, pos=(3002,215)
21.8366 	EXP 	text: autoDraw = True
23.4741 	EXP 	Created sequence: random, trialTypes=1, nReps=1, seed=None
23.4743 	EXP 	New trial (rep=0, index=0): None
23.4804 	DATA 	Keypress: equal
23.4870 	EXP 	text: autoDraw = False
23.4870 	EXP 	image_5: autoDraw = True
23.4870 	EXP 	image_6: autoDraw = True
23.4870 	EXP 	image_7: autoDraw = True
23.4870 	EXP 	image_8: autoDraw = True
23.4870 	EXP 	image_9: autoDraw = True
23.4870 	EXP 	polygon_6: autoDraw = True
24.7764 	DATA 	Keypress: equal
25.6267 	DATA 	Keypress: 1
25.6545 	EXP 	image_5: autoDraw = False
25.6545 	EXP 	image_6: autoDraw = False
25.6545 	EXP 	image_7: autoDraw = False
25.6545 	EXP 	image_8: autoDraw = False
25.6545 	EXP 	image_9: autoDraw = False
25.6545 	EXP 	polygon_6: autoDraw = False
25.6545 	EXP 	image: autoDraw = True
25.6545 	EXP 	polygon_2: autoDraw = True
26.4932 	DATA 	Keypress: q
26.5216 	EXP 	image: autoDraw = False
26.5216 	EXP 	polygon_2: autoDraw = False
26.5216 	EXP 	image_2: autoDraw = True
26.5216 	EXP 	polygon_3: autoDraw = True
26.6331 	DATA 	Keypress: e
26.6383 	EXP 	image_2: autoDraw = False
26.6383 	EXP 	polygon_3: autoDraw = False
26.6383 	EXP 	image_3: autoDraw = True
26.6383 	EXP 	polygon_4: autoDraw = True
27.1329 	DATA 	Keypress: d
27.1385 	EXP 	image_3: autoDraw = False
27.1385 	EXP 	polygon_4: autoDraw = False
27.1385 	EXP 	image_4: autoDraw = True
27.1385 	EXP 	polygon_5: autoDraw = True
27.2165 	DATA 	Keypress: a
27.2219 	EXP 	image_4: autoDraw = False
27.2219 	EXP 	polygon_5: autoDraw = False
27.2219 	EXP 	text_2: autoDraw = True
28.0431 	EXP 	Created sequence: sequential, trialTypes=1, nReps=100, seed=None
28.0436 	EXP 	New trial (rep=0, index=0): None
28.0609 	DATA 	Keypress: equal
28.0722 	EXP 	text_2: autoDraw = False
28.0722 	EXP 	stim: image = 'imgs/2_stim.png'
28.0722 	EXP 	polygon: autoDraw = True
29.0060 	EXP 	polygon: autoDraw = False
29.2727 	EXP 	stim: autoDraw = True
29.3061 	EXP 	stim: autoDraw = False
29.3895 	EXP 	mask: autoDraw = True
29.4229 	EXP 	mask: autoDraw = False
29.8298 	EXP 	New trial (rep=1, index=0): None
29.8467 	DATA 	Keypress: q
29.8563 	EXP 	polygon: autoDraw = False
29.8563 	EXP 	stim: autoDraw = False
29.8563 	EXP 	mask: autoDraw = False
29.8563 	EXP 	stim: image = 'imgs/3_stim.png'
29.8563 	EXP 	polygon: autoDraw = True
30.7401 	EXP 	polygon: autoDraw = False
30.8234 	EXP 	stim: autoDraw = True
30.8567 	EXP 	stim: autoDraw = False
30.9568 	EXP 	mask: autoDraw = True
30.9902 	EXP 	mask: autoDraw = False
31.2961 	EXP 	New trial (rep=2, index=0): None
31.3125 	DATA 	Keypress: d
31.3236 	EXP 	polygon: autoDraw = False
31.3236 	EXP 	stim: autoDraw = False
31.3236 	EXP 	mask: autoDraw = False
31.3236 	EXP 	stim: image = 'imgs/4_stim.png'
31.3236 	EXP 	polygon: autoDraw = True
32.2407 	EXP 	polygon: autoDraw = False
32.5909 	EXP 	stim: autoDraw = True
32.6242 	EXP 	stim: autoDraw = False
32.6576 	EXP 	mask: autoDraw = True
32.6909 	EXP 	mask: autoDraw = False
33.8481 	EXP 	New trial (rep=3, index=0): None
33.8648 	DATA 	Keypress: d
33.8748 	EXP 	polygon: autoDraw = False
33.8748 	EXP 	stim: autoDraw = False
33.8748 	EXP 	mask: autoDraw = False
33.8748 	EXP 	stim: image = 'imgs/4_stim.png'
33.8748 	EXP 	polygon: autoDraw = True
34.5250 	EXP 	polygon: autoDraw = False
34.8919 	EXP 	stim: autoDraw = True
34.9252 	EXP 	stim: autoDraw = False
35.0252 	EXP 	mask: autoDraw = True
35.0586 	EXP 	mask: autoDraw = False
35.4322 	EXP 	New trial (rep=4, index=0): None
35.4485 	DATA 	Keypress: e
35.4587 	EXP 	polygon: autoDraw = False
35.4587 	EXP 	stim: autoDraw = False
35.4587 	EXP 	mask: autoDraw = False
35.4587 	EXP 	stim: image = 'imgs/1_stim.png'
35.4587 	EXP 	polygon: autoDraw = True
36.2591 	EXP 	polygon: autoDraw = False
36.3758 	EXP 	stim: autoDraw = True
36.4091 	EXP 	stim: autoDraw = False
36.5092 	EXP 	mask: autoDraw = True
36.5425 	EXP 	mask: autoDraw = False
37.1655 	EXP 	New trial (rep=5, index=0): None
37.1819 	DATA 	Keypress: a
37.1929 	EXP 	polygon: autoDraw = False
37.1929 	EXP 	stim: autoDraw = False
37.1929 	EXP 	mask: autoDraw = False
37.1929 	EXP 	stim: image = 'imgs/4_stim.png'
37.1929 	EXP 	polygon: autoDraw = True
38.0107 	EXP 	polygon: autoDraw = False
38.1432 	EXP 	stim: autoDraw = True
38.1766 	EXP 	stim: autoDraw = False
38.2433 	EXP 	mask: autoDraw = True
38.2766 	EXP 	mask: autoDraw = False
38.6166 	EXP 	New trial (rep=6, index=0): None
38.6330 	DATA 	Keypress: e
38.6434 	EXP 	polygon: autoDraw = False
38.6434 	EXP 	stim: autoDraw = False
38.6434 	EXP 	mask: autoDraw = False
38.6434 	EXP 	stim: image = 'imgs/1_stim.png'
38.6434 	EXP 	polygon: autoDraw = True
39.5605 	EXP 	polygon: autoDraw = False
39.9607 	EXP 	stim: autoDraw = True
39.9940 	EXP 	stim: autoDraw = False
40.0441 	EXP 	mask: autoDraw = True
40.0774 	EXP 	mask: autoDraw = False
40.4840 	EXP 	New trial (rep=7, index=0): None
40.5001 	DATA 	Keypress: a
40.5109 	EXP 	polygon: autoDraw = False
40.5109 	EXP 	stim: autoDraw = False
40.5109 	EXP 	mask: autoDraw = False
40.5109 	EXP 	stim: image = 'imgs/4_stim.png'
40.5109 	EXP 	polygon: autoDraw = True
41.3113 	EXP 	polygon: autoDraw = False
41.3279 	EXP 	stim: autoDraw = True
41.3613 	EXP 	stim: autoDraw = False
41.3946 	EXP 	mask: autoDraw = True
41.4280 	EXP 	mask: autoDraw = False
42.6343 	EXP 	New trial (rep=8, index=0): None
42.6507 	DATA 	Keypress: a
42.6619 	EXP 	polygon: autoDraw = False
42.6619 	EXP 	stim: autoDraw = False
42.6619 	EXP 	mask: autoDraw = False
42.6619 	EXP 	stim: image = 'imgs/2_stim.png'
42.6619 	EXP 	polygon: autoDraw = True
43.4288 	EXP 	polygon: autoDraw = False
43.6123 	EXP 	stim: autoDraw = True
43.6456 	EXP 	stim: autoDraw = False
43.6956 	EXP 	mask: autoDraw = True
43.7289 	EXP 	mask: autoDraw = False
44.0853 	EXP 	New trial (rep=9, index=0): None
44.1018 	DATA 	Keypress: q
44.1124 	EXP 	polygon: autoDraw = False
44.1124 	EXP 	stim: autoDraw = False
44.1124 	EXP 	mask: autoDraw = False
44.1124 	EXP 	stim: image = 'imgs/2_stim.png'
44.1124 	EXP 	polygon: autoDraw = True
44.8961 	EXP 	polygon: autoDraw = False
45.3297 	EXP 	stim: autoDraw = True
45.3630 	EXP 	stim: autoDraw = False
45.4464 	EXP 	mask: autoDraw = True
45.4797 	EXP 	mask: autoDraw = False
45.9526 	EXP 	New trial (rep=10, index=0): None
45.9687 	DATA 	Keypress: q
45.9799 	EXP 	polygon: autoDraw = False
45.9799 	EXP 	stim: autoDraw = False
45.9799 	EXP 	mask: autoDraw = False
45.9799 	EXP 	stim: image = 'imgs/1_stim.png'
45.9799 	EXP 	polygon: autoDraw = True
46.7302 	EXP 	polygon: autoDraw = False
47.0971 	EXP 	stim: autoDraw = True
47.1304 	EXP 	stim: autoDraw = False
47.2138 	EXP 	mask: autoDraw = True
47.2472 	EXP 	mask: autoDraw = False
47.6374 	EXP 	New trial (rep=11, index=0): None
47.6538 	DATA 	Keypress: a
47.6640 	EXP 	polygon: autoDraw = False
47.6640 	EXP 	stim: autoDraw = False
47.6640 	EXP 	mask: autoDraw = False
47.6640 	EXP 	stim: image = 'imgs/3_stim.png'
47.6640 	EXP 	polygon: autoDraw = True
48.2642 	EXP 	polygon: autoDraw = False
48.6144 	EXP 	stim: autoDraw = True
48.6477 	EXP 	stim: autoDraw = False
48.7478 	EXP 	mask: autoDraw = True
48.7812 	EXP 	mask: autoDraw = False
49.1545 	EXP 	New trial (rep=12, index=0): None
49.1712 	DATA 	Keypress: d
49.1813 	EXP 	polygon: autoDraw = False
49.1813 	EXP 	stim: autoDraw = False
49.1813 	EXP 	mask: autoDraw = False
49.1813 	EXP 	stim: image = 'imgs/4_stim.png'
49.1813 	EXP 	polygon: autoDraw = True
49.7649 	EXP 	polygon: autoDraw = False
49.9816 	EXP 	stim: autoDraw = True
50.0151 	EXP 	stim: autoDraw = False
50.0317 	EXP 	mask: autoDraw = True
50.0650 	EXP 	mask: autoDraw = False
50.5546 	EXP 	New trial (rep=13, index=0): None
50.5711 	DATA 	Keypress: q
50.5819 	EXP 	polygon: autoDraw = False
50.5819 	EXP 	stim: autoDraw = False
50.5819 	EXP 	mask: autoDraw = False
50.5819 	EXP 	stim: image = 'imgs/2_stim.png'
50.5819 	EXP 	polygon: autoDraw = True
51.3489 	EXP 	polygon: autoDraw = False
51.6657 	EXP 	stim: autoDraw = True
51.6991 	EXP 	stim: autoDraw = False
51.7157 	EXP 	mask: autoDraw = True
51.7491 	EXP 	mask: autoDraw = False
52.4893 	EXP 	New trial (rep=14, index=0): None
52.5057 	DATA 	Keypress: q
52.5161 	EXP 	polygon: autoDraw = False
52.5161 	EXP 	stim: autoDraw = False
52.5161 	EXP 	mask: autoDraw = False
52.5161 	EXP 	stim: image = 'imgs/4_stim.png'
52.5161 	EXP 	polygon: autoDraw = True
53.3164 	EXP 	polygon: autoDraw = False
53.6332 	EXP 	stim: autoDraw = True
53.6666 	EXP 	stim: autoDraw = False
53.7500 	EXP 	mask: autoDraw = True
53.7833 	EXP 	mask: autoDraw = False
54.1732 	EXP 	New trial (rep=15, index=0): None
54.1906 	DATA 	Keypress: e
54.2002 	EXP 	polygon: autoDraw = False
54.2002 	EXP 	stim: autoDraw = False
54.2002 	EXP 	mask: autoDraw = False
54.2002 	EXP 	stim: image = 'imgs/4_stim.png'
54.2002 	EXP 	polygon: autoDraw = True
55.1005 	EXP 	polygon: autoDraw = False
55.3006 	EXP 	stim: autoDraw = True
55.3339 	EXP 	stim: autoDraw = False
55.4340 	EXP 	mask: autoDraw = True
55.4673 	EXP 	mask: autoDraw = False
55.8073 	EXP 	New trial (rep=16, index=0): None
55.8258 	DATA 	Keypress: e
55.8349 	EXP 	polygon: autoDraw = False
55.8349 	EXP 	stim: autoDraw = False
55.8349 	EXP 	mask: autoDraw = False
55.8349 	EXP 	stim: image = 'imgs/3_stim.png'
55.8349 	EXP 	polygon: autoDraw = True
56.5011 	EXP 	polygon: autoDraw = False
56.9180 	EXP 	stim: autoDraw = True
56.9513 	EXP 	stim: autoDraw = False
56.9847 	EXP 	mask: autoDraw = True
57.0180 	EXP 	mask: autoDraw = False
57.4913 	EXP 	New trial (rep=17, index=0): None
57.5078 	DATA 	Keypress: d
57.5182 	EXP 	polygon: autoDraw = False
57.5182 	EXP 	stim: autoDraw = False
57.5182 	EXP 	mask: autoDraw = False
57.5182 	EXP 	stim: image = 'imgs/4_stim.png'
57.5182 	EXP 	polygon: autoDraw = True
58.4519 	EXP 	polygon: autoDraw = False
58.8521 	EXP 	stim: autoDraw = True
58.8856 	EXP 	stim: autoDraw = False
58.9188 	EXP 	mask: autoDraw = True
58.9522 	EXP 	mask: autoDraw = False
59.2083 	EXP 	New trial (rep=18, index=0): None
59.2260 	DATA 	Keypress: e
59.2357 	EXP 	polygon: autoDraw = False
59.2357 	EXP 	stim: autoDraw = False
59.2357 	EXP 	mask: autoDraw = False
59.2357 	EXP 	stim: image = 'imgs/4_stim.png'
59.2357 	EXP 	polygon: autoDraw = True
59.9859 	EXP 	polygon: autoDraw = False
60.3695 	EXP 	stim: autoDraw = True
60.4028 	EXP 	stim: autoDraw = False
60.4861 	EXP 	mask: autoDraw = True
60.5195 	EXP 	mask: autoDraw = False
60.8427 	EXP 	New trial (rep=19, index=0): None
60.8606 	DATA 	Keypress: e
60.8697 	EXP 	polygon: autoDraw = False
60.8697 	EXP 	stim: autoDraw = False
60.8697 	EXP 	mask: autoDraw = False
60.8697 	EXP 	stim: image = 'imgs/1_stim.png'
60.8697 	EXP 	polygon: autoDraw = True
61.4532 	EXP 	polygon: autoDraw = False
61.4866 	EXP 	stim: autoDraw = True
61.5199 	EXP 	stim: autoDraw = False
61.5366 	EXP 	mask: autoDraw = True
61.5700 	EXP 	mask: autoDraw = False
62.1103 	EXP 	New trial (rep=20, index=0): None
62.1265 	DATA 	Keypress: q
62.1369 	EXP 	polygon: autoDraw = False
62.1369 	EXP 	stim: autoDraw = False
62.1369 	EXP 	mask: autoDraw = False
62.1369 	EXP 	stim: image = 'imgs/4_stim.png'
62.1369 	EXP 	polygon: autoDraw = True
62.9705 	EXP 	polygon: autoDraw = False
63.4209 	EXP 	stim: autoDraw = True
63.4541 	EXP 	stim: autoDraw = False
63.5542 	EXP 	mask: autoDraw = True
63.5875 	EXP 	mask: autoDraw = False
63.8763 	EXP 	New trial (rep=21, index=0): None
63.8928 	DATA 	Keypress: e
63.9043 	EXP 	polygon: autoDraw = False
63.9043 	EXP 	stim: autoDraw = False
63.9043 	EXP 	mask: autoDraw = False
63.9043 	EXP 	stim: image = 'imgs/2_stim.png'
63.9043 	EXP 	polygon: autoDraw = True
64.5879 	EXP 	polygon: autoDraw = False
64.9381 	EXP 	stim: autoDraw = True
64.9715 	EXP 	stim: autoDraw = False
64.9881 	EXP 	mask: autoDraw = True
65.0215 	EXP 	mask: autoDraw = False
65.2942 	EXP 	New trial (rep=22, index=0): None
65.3106 	DATA 	Keypress: q
65.3216 	EXP 	polygon: autoDraw = False
65.3216 	EXP 	stim: autoDraw = False
65.3216 	EXP 	mask: autoDraw = False
65.3216 	EXP 	stim: image = 'imgs/4_stim.png'
65.3216 	EXP 	polygon: autoDraw = True
65.8551 	EXP 	polygon: autoDraw = False
66.0719 	EXP 	stim: autoDraw = True
66.1052 	EXP 	stim: autoDraw = False
66.1720 	EXP 	mask: autoDraw = True
66.2053 	EXP 	mask: autoDraw = False
66.5122 	EXP 	New trial (rep=23, index=0): None
66.5285 	DATA 	Keypress: e
66.5388 	EXP 	polygon: autoDraw = False
66.5388 	EXP 	stim: autoDraw = False
66.5388 	EXP 	mask: autoDraw = False
66.5388 	EXP 	stim: image = 'imgs/4_stim.png'
66.5388 	EXP 	polygon: autoDraw = True
67.2724 	EXP 	polygon: autoDraw = False
67.3891 	EXP 	stim: autoDraw = True
67.4226 	EXP 	stim: autoDraw = False
67.5392 	EXP 	mask: autoDraw = True
67.5725 	EXP 	mask: autoDraw = False
67.7952 	EXP 	New trial (rep=24, index=0): None
67.8117 	DATA 	Keypress: q
67.8227 	EXP 	polygon: autoDraw = False
67.8227 	EXP 	stim: autoDraw = False
67.8227 	EXP 	mask: autoDraw = False
67.8227 	EXP 	stim: image = 'imgs/3_stim.png'
67.8227 	EXP 	polygon: autoDraw = True
68.7563 	EXP 	polygon: autoDraw = False
68.8731 	EXP 	stim: autoDraw = True
68.9064 	EXP 	stim: autoDraw = False
68.9397 	EXP 	mask: autoDraw = True
68.9731 	EXP 	mask: autoDraw = False
69.9464 	EXP 	New trial (rep=25, index=0): None
69.9637 	DATA 	Keypress: e
69.9736 	EXP 	polygon: autoDraw = False
69.9736 	EXP 	stim: autoDraw = False
69.9736 	EXP 	mask: autoDraw = False
69.9736 	EXP 	stim: image = 'imgs/2_stim.png'
69.9736 	EXP 	polygon: autoDraw = True
70.5738 	EXP 	polygon: autoDraw = False
70.7906 	EXP 	stim: autoDraw = True
70.8239 	EXP 	stim: autoDraw = False
70.9073 	EXP 	mask: autoDraw = True
70.9407 	EXP 	mask: autoDraw = False
71.1972 	EXP 	New trial (rep=26, index=0): None
71.2145 	DATA 	Keypress: q
71.2241 	EXP 	polygon: autoDraw = False
71.2241 	EXP 	stim: autoDraw = False
71.2241 	EXP 	mask: autoDraw = False
71.2241 	EXP 	stim: image = 'imgs/2_stim.png'
71.2241 	EXP 	polygon: autoDraw = True
71.7410 	EXP 	polygon: autoDraw = False
72.2245 	EXP 	stim: autoDraw = True
72.2578 	EXP 	stim: autoDraw = False
72.2745 	EXP 	mask: autoDraw = True
72.3079 	EXP 	mask: autoDraw = False
73.0812 	EXP 	New trial (rep=27, index=0): None
73.0995 	DATA 	Keypress: q
73.1082 	EXP 	polygon: autoDraw = False
73.1082 	EXP 	stim: autoDraw = False
73.1082 	EXP 	mask: autoDraw = False
73.1082 	EXP 	stim: image = 'imgs/3_stim.png'
73.1082 	EXP 	polygon: autoDraw = True
73.7418 	EXP 	polygon: autoDraw = False
73.9920 	EXP 	stim: autoDraw = True
74.0253 	EXP 	stim: autoDraw = False
74.0920 	EXP 	mask: autoDraw = True
74.1253 	EXP 	mask: autoDraw = False
74.6123 	DATA 	Keypress: d
74.6317 	EXP 	New trial (rep=28, index=0): None
74.6589 	EXP 	polygon: autoDraw = False
74.6589 	EXP 	stim: autoDraw = False
74.6589 	EXP 	mask: autoDraw = False
74.6589 	EXP 	stim: image = 'imgs/2_stim.png'
74.6589 	EXP 	polygon: autoDraw = True
75.3926 	EXP 	polygon: autoDraw = False
75.5259 	EXP 	stim: autoDraw = True
75.5593 	EXP 	stim: autoDraw = False
75.6260 	EXP 	mask: autoDraw = True
75.6594 	EXP 	mask: autoDraw = False
76.0132 	DATA 	Keypress: q
76.0328 	EXP 	New trial (rep=29, index=0): None
76.0595 	EXP 	polygon: autoDraw = False
76.0595 	EXP 	stim: autoDraw = False
76.0595 	EXP 	mask: autoDraw = False
76.0595 	EXP 	stim: image = 'imgs/1_stim.png'
76.0595 	EXP 	polygon: autoDraw = True
76.7765 	EXP 	polygon: autoDraw = False
76.9766 	EXP 	stim: autoDraw = True
77.0099 	EXP 	stim: autoDraw = False
77.1099 	EXP 	mask: autoDraw = True
77.1433 	EXP 	mask: autoDraw = False
77.4662 	EXP 	New trial (rep=30, index=0): None
77.4827 	DATA 	Keypress: a
77.4935 	EXP 	polygon: autoDraw = False
77.4935 	EXP 	stim: autoDraw = False
77.4935 	EXP 	mask: autoDraw = False
77.4935 	EXP 	stim: image = 'imgs/4_stim.png'
77.4935 	EXP 	polygon: autoDraw = True
78.4106 	EXP 	polygon: autoDraw = False
78.5272 	EXP 	stim: autoDraw = True
78.5606 	EXP 	stim: autoDraw = False
78.6606 	EXP 	mask: autoDraw = True
78.6939 	EXP 	mask: autoDraw = False
78.9671 	EXP 	New trial (rep=31, index=0): None
78.9837 	DATA 	Keypress: e
78.9941 	EXP 	polygon: autoDraw = False
78.9941 	EXP 	stim: autoDraw = False
78.9941 	EXP 	mask: autoDraw = False
78.9941 	EXP 	stim: image = 'imgs/4_stim.png'
78.9941 	EXP 	polygon: autoDraw = True
79.9612 	EXP 	polygon: autoDraw = False
80.3447 	EXP 	stim: autoDraw = True
80.3780 	EXP 	stim: autoDraw = False
80.4282 	EXP 	mask: autoDraw = True
80.4614 	EXP 	mask: autoDraw = False
80.7843 	EXP 	New trial (rep=32, index=0): None
80.8007 	DATA 	Keypress: e
80.8115 	EXP 	polygon: autoDraw = False
80.8115 	EXP 	stim: autoDraw = False
80.8115 	EXP 	mask: autoDraw = False
80.8115 	EXP 	stim: image = 'imgs/2_stim.png'
80.8115 	EXP 	polygon: autoDraw = True
81.3951 	EXP 	polygon: autoDraw = False
81.7286 	EXP 	stim: autoDraw = True
81.7620 	EXP 	stim: autoDraw = False
81.8453 	EXP 	mask: autoDraw = True
81.8787 	EXP 	mask: autoDraw = False
82.0855 	EXP 	New trial (rep=33, index=0): None
82.1038 	DATA 	Keypress: q
82.1121 	EXP 	polygon: autoDraw = False
82.1121 	EXP 	stim: autoDraw = False
82.1121 	EXP 	mask: autoDraw = False
82.1121 	EXP 	stim: image = 'imgs/4_stim.png'
82.1121 	EXP 	polygon: autoDraw = True
82.6623 	EXP 	polygon: autoDraw = False
83.1292 	EXP 	stim: autoDraw = True
83.1626 	EXP 	stim: autoDraw = False
83.2793 	EXP 	mask: autoDraw = True
83.3127 	EXP 	mask: autoDraw = False
83.6196 	EXP 	New trial (rep=34, index=0): None
83.6377 	DATA 	Keypress: e
83.6461 	EXP 	polygon: autoDraw = False
83.6461 	EXP 	stim: autoDraw = False
83.6461 	EXP 	mask: autoDraw = False
83.6461 	EXP 	stim: image = 'imgs/1_stim.png'
83.6461 	EXP 	polygon: autoDraw = True
84.6132 	EXP 	polygon: autoDraw = False
84.6466 	EXP 	stim: autoDraw = True
84.6799 	EXP 	stim: autoDraw = False
84.7966 	EXP 	mask: autoDraw = True
84.8299 	EXP 	mask: autoDraw = False
85.1192 	EXP 	New trial (rep=35, index=0): None
85.1356 	DATA 	Keypress: a
85.1467 	EXP 	polygon: autoDraw = False
85.1467 	EXP 	stim: autoDraw = False
85.1467 	EXP 	mask: autoDraw = False
85.1467 	EXP 	stim: image = 'imgs/2_stim.png'
85.1467 	EXP 	polygon: autoDraw = True
85.8471 	EXP 	polygon: autoDraw = False
86.2140 	EXP 	stim: autoDraw = True
86.2472 	EXP 	stim: autoDraw = False
86.3472 	EXP 	mask: autoDraw = True
86.3806 	EXP 	mask: autoDraw = False
86.5374 	EXP 	New trial (rep=36, index=0): None
86.5558 	DATA 	Keypress: q
86.5640 	EXP 	polygon: autoDraw = False
86.5640 	EXP 	stim: autoDraw = False
86.5640 	EXP 	mask: autoDraw = False
86.5640 	EXP 	stim: image = 'imgs/2_stim.png'
86.5640 	EXP 	polygon: autoDraw = True
87.1476 	EXP 	polygon: autoDraw = False
87.5312 	EXP 	stim: autoDraw = True
87.5645 	EXP 	stim: autoDraw = False
87.5978 	EXP 	mask: autoDraw = True
87.6312 	EXP 	mask: autoDraw = False
87.8714 	EXP 	New trial (rep=37, index=0): None
87.8878 	DATA 	Keypress: q
87.8980 	EXP 	polygon: autoDraw = False
87.8980 	EXP 	stim: autoDraw = False
87.8980 	EXP 	mask: autoDraw = False
87.8980 	EXP 	stim: image = 'imgs/3_stim.png'
87.8980 	EXP 	polygon: autoDraw = True
88.8317 	EXP 	polygon: autoDraw = False
89.0318 	EXP 	stim: autoDraw = True
89.0651 	EXP 	stim: autoDraw = False
89.1151 	EXP 	mask: autoDraw = True
89.1484 	EXP 	mask: autoDraw = False
89.4553 	EXP 	New trial (rep=38, index=0): None
89.4718 	DATA 	Keypress: d
89.4820 	EXP 	polygon: autoDraw = False
89.4820 	EXP 	stim: autoDraw = False
89.4820 	EXP 	mask: autoDraw = False
89.4820 	EXP 	stim: image = 'imgs/2_stim.png'
89.4820 	EXP 	polygon: autoDraw = True
90.1322 	EXP 	polygon: autoDraw = False
90.3990 	EXP 	stim: autoDraw = True
90.4323 	EXP 	stim: autoDraw = False
90.4490 	EXP 	mask: autoDraw = True
90.4823 	EXP 	mask: autoDraw = False
90.7391 	EXP 	New trial (rep=39, index=0): None
90.7556 	DATA 	Keypress: q
90.7658 	EXP 	polygon: autoDraw = False
90.7658 	EXP 	stim: autoDraw = False
90.7658 	EXP 	mask: autoDraw = False
90.7658 	EXP 	stim: image = 'imgs/2_stim.png'
90.7658 	EXP 	polygon: autoDraw = True
91.6329 	EXP 	polygon: autoDraw = False
91.7829 	EXP 	stim: autoDraw = True
91.8162 	EXP 	stim: autoDraw = False
91.8329 	EXP 	mask: autoDraw = True
91.8663 	EXP 	mask: autoDraw = False
92.1041 	DATA 	Keypress: q
92.1223 	EXP 	New trial (rep=40, index=0): None
92.1497 	EXP 	polygon: autoDraw = False
92.1497 	EXP 	stim: autoDraw = False
92.1497 	EXP 	mask: autoDraw = False
92.1497 	EXP 	stim: image = 'imgs/4_stim.png'
92.1497 	EXP 	polygon: autoDraw = True
92.8167 	EXP 	polygon: autoDraw = False
92.8334 	EXP 	stim: autoDraw = True
92.8667 	EXP 	stim: autoDraw = False
92.9834 	EXP 	mask: autoDraw = True
93.0168 	EXP 	mask: autoDraw = False
93.2562 	EXP 	New trial (rep=41, index=0): None
93.2748 	DATA 	Keypress: e
93.2836 	EXP 	polygon: autoDraw = False
93.2836 	EXP 	stim: autoDraw = False
93.2836 	EXP 	mask: autoDraw = False
93.2836 	EXP 	stim: image = 'imgs/2_stim.png'
93.2836 	EXP 	polygon: autoDraw = True
93.8171 	EXP 	polygon: autoDraw = False
93.8838 	EXP 	stim: autoDraw = True
93.9172 	EXP 	stim: autoDraw = False
93.9338 	EXP 	mask: autoDraw = True
93.9672 	EXP 	mask: autoDraw = False
94.4732 	EXP 	New trial (rep=42, index=0): None
94.4897 	DATA 	Keypress: q
94.5007 	EXP 	polygon: autoDraw = False
94.5007 	EXP 	stim: autoDraw = False
94.5007 	EXP 	mask: autoDraw = False
94.5007 	EXP 	stim: image = 'imgs/3_stim.png'
94.5007 	EXP 	polygon: autoDraw = True
95.4678 	EXP 	polygon: autoDraw = False
95.5012 	EXP 	stim: autoDraw = True
95.5346 	EXP 	stim: autoDraw = False
95.5846 	EXP 	mask: autoDraw = True
95.6179 	EXP 	mask: autoDraw = False
95.9407 	EXP 	New trial (rep=43, index=0): None
95.9571 	DATA 	Keypress: d
95.9681 	EXP 	polygon: autoDraw = False
95.9681 	EXP 	stim: autoDraw = False
95.9681 	EXP 	mask: autoDraw = False
95.9681 	EXP 	stim: image = 'imgs/2_stim.png'
95.9681 	EXP 	polygon: autoDraw = True
96.9351 	EXP 	polygon: autoDraw = False
97.0852 	EXP 	stim: autoDraw = True
97.1185 	EXP 	stim: autoDraw = False
97.2353 	EXP 	mask: autoDraw = True
97.2686 	EXP 	mask: autoDraw = False
97.4587 	EXP 	New trial (rep=44, index=0): None
97.4751 	DATA 	Keypress: q
97.4854 	EXP 	polygon: autoDraw = False
97.4854 	EXP 	stim: autoDraw = False
97.4854 	EXP 	mask: autoDraw = False
97.4854 	EXP 	stim: image = 'imgs/1_stim.png'
97.4854 	EXP 	polygon: autoDraw = True
98.1523 	EXP 	polygon: autoDraw = False
98.1523 	EXP 	stim: autoDraw = True
98.1856 	EXP 	stim: autoDraw = False
98.2857 	EXP 	mask: autoDraw = True
98.3191 	EXP 	mask: autoDraw = False
98.7761 	EXP 	New trial (rep=45, index=0): None
98.7922 	DATA 	Keypress: a
98.8026 	EXP 	polygon: autoDraw = False
98.8026 	EXP 	stim: autoDraw = False
98.8026 	EXP 	mask: autoDraw = False
98.8026 	EXP 	stim: image = 'imgs/4_stim.png'
98.8026 	EXP 	polygon: autoDraw = True
99.6863 	EXP 	polygon: autoDraw = False
100.0532 	EXP 	stim: autoDraw = True
100.0864 	EXP 	stim: autoDraw = False
100.1532 	EXP 	mask: autoDraw = True
100.1865 	EXP 	mask: autoDraw = False
100.4267 	EXP 	New trial (rep=46, index=0): None
100.4431 	DATA 	Keypress: e
100.4533 	EXP 	polygon: autoDraw = False
100.4533 	EXP 	stim: autoDraw = False
100.4533 	EXP 	mask: autoDraw = False
100.4533 	EXP 	stim: image = 'imgs/2_stim.png'
100.4533 	EXP 	polygon: autoDraw = True
101.0702 	EXP 	polygon: autoDraw = False
101.2703 	EXP 	stim: autoDraw = True
101.3036 	EXP 	stim: autoDraw = False
101.3870 	EXP 	mask: autoDraw = True
101.4205 	EXP 	mask: autoDraw = False
101.6270 	EXP 	New trial (rep=47, index=0): None
101.6433 	DATA 	Keypress: q
101.6538 	EXP 	polygon: autoDraw = False
101.6538 	EXP 	stim: autoDraw = False
101.6538 	EXP 	mask: autoDraw = False
101.6538 	EXP 	stim: image = 'imgs/3_stim.png'
101.6538 	EXP 	polygon: autoDraw = True
102.5375 	EXP 	polygon: autoDraw = False
102.8043 	EXP 	stim: autoDraw = True
102.8377 	EXP 	stim: autoDraw = False
102.9211 	EXP 	mask: autoDraw = True
102.9544 	EXP 	mask: autoDraw = False
103.1255 	DATA 	Keypress: d
103.1439 	EXP 	New trial (rep=48, index=0): None
103.1711 	EXP 	polygon: autoDraw = False
103.1711 	EXP 	stim: autoDraw = False
103.1711 	EXP 	mask: autoDraw = False
103.1711 	EXP 	stim: image = 'imgs/4_stim.png'
103.1711 	EXP 	polygon: autoDraw = True
104.0382 	EXP 	polygon: autoDraw = False
104.2383 	EXP 	stim: autoDraw = True
104.2717 	EXP 	stim: autoDraw = False
104.3883 	EXP 	mask: autoDraw = True
104.4218 	EXP 	mask: autoDraw = False
104.6782 	EXP 	New trial (rep=49, index=0): None
104.6945 	DATA 	Keypress: e
104.7051 	EXP 	polygon: autoDraw = False
104.7051 	EXP 	stim: autoDraw = False
104.7051 	EXP 	mask: autoDraw = False
104.7051 	EXP 	stim: image = 'imgs/3_stim.png'
104.7051 	EXP 	polygon: autoDraw = True
105.6556 	EXP 	polygon: autoDraw = False
105.9890 	EXP 	stim: autoDraw = True
106.0224 	EXP 	stim: autoDraw = False
106.0891 	EXP 	mask: autoDraw = True
106.1225 	EXP 	mask: autoDraw = False
106.4628 	EXP 	New trial (rep=50, index=0): None
106.4790 	DATA 	Keypress: d
106.4892 	EXP 	polygon: autoDraw = False
106.4892 	EXP 	stim: autoDraw = False
106.4892 	EXP 	mask: autoDraw = False
106.4892 	EXP 	stim: image = 'imgs/2_stim.png'
106.4892 	EXP 	polygon: autoDraw = True
107.0562 	EXP 	polygon: autoDraw = False
107.5063 	EXP 	stim: autoDraw = True
107.5397 	EXP 	stim: autoDraw = False
107.5897 	EXP 	mask: autoDraw = True
107.6231 	EXP 	mask: autoDraw = False
107.8461 	EXP 	New trial (rep=51, index=0): None
107.8626 	DATA 	Keypress: q
107.8732 	EXP 	polygon: autoDraw = False
107.8732 	EXP 	stim: autoDraw = False
107.8732 	EXP 	mask: autoDraw = False
107.8732 	EXP 	stim: image = 'imgs/4_stim.png'
107.8732 	EXP 	polygon: autoDraw = True
108.8069 	EXP 	polygon: autoDraw = False
109.1404 	EXP 	stim: autoDraw = True
109.1737 	EXP 	stim: autoDraw = False
109.2404 	EXP 	mask: autoDraw = True
109.2738 	EXP 	mask: autoDraw = False
109.6632 	EXP 	New trial (rep=52, index=0): None
109.6795 	DATA 	Keypress: e
109.6906 	EXP 	polygon: autoDraw = False
109.6906 	EXP 	stim: autoDraw = False
109.6906 	EXP 	mask: autoDraw = False
109.6906 	EXP 	stim: image = 'imgs/2_stim.png'
109.6906 	EXP 	polygon: autoDraw = True
110.4076 	EXP 	polygon: autoDraw = False
110.8078 	EXP 	stim: autoDraw = True
110.8411 	EXP 	stim: autoDraw = False
110.8745 	EXP 	mask: autoDraw = True
110.9078 	EXP 	mask: autoDraw = False
111.1311 	EXP 	New trial (rep=53, index=0): None
111.1475 	DATA 	Keypress: q
111.1579 	EXP 	polygon: autoDraw = False
111.1579 	EXP 	stim: autoDraw = False
111.1579 	EXP 	mask: autoDraw = False
111.1579 	EXP 	stim: image = 'imgs/4_stim.png'
111.1579 	EXP 	polygon: autoDraw = True
111.6748 	EXP 	polygon: autoDraw = False
112.0750 	EXP 	stim: autoDraw = True
112.1083 	EXP 	stim: autoDraw = False
112.1583 	EXP 	mask: autoDraw = True
112.1917 	EXP 	mask: autoDraw = False
112.4312 	EXP 	New trial (rep=54, index=0): None
112.4475 	DATA 	Keypress: e
112.4585 	EXP 	polygon: autoDraw = False
112.4585 	EXP 	stim: autoDraw = False
112.4585 	EXP 	mask: autoDraw = False
112.4585 	EXP 	stim: image = 'imgs/1_stim.png'
112.4585 	EXP 	polygon: autoDraw = True
113.1254 	EXP 	polygon: autoDraw = False
113.4922 	EXP 	stim: autoDraw = True
113.5257 	EXP 	stim: autoDraw = False
113.6089 	EXP 	mask: autoDraw = True
113.6423 	EXP 	mask: autoDraw = False
114.0461 	DATA 	Keypress: a
114.0654 	EXP 	New trial (rep=55, index=0): None
114.0925 	EXP 	polygon: autoDraw = False
114.0925 	EXP 	stim: autoDraw = False
114.0925 	EXP 	mask: autoDraw = False
114.0925 	EXP 	stim: image = 'imgs/3_stim.png'
114.0925 	EXP 	polygon: autoDraw = True
114.6260 	EXP 	polygon: autoDraw = False
114.9262 	EXP 	stim: autoDraw = True
114.9595 	EXP 	stim: autoDraw = False
115.0263 	EXP 	mask: autoDraw = True
115.0596 	EXP 	mask: autoDraw = False
115.3494 	EXP 	New trial (rep=56, index=0): None
115.3658 	DATA 	Keypress: d
115.3764 	EXP 	polygon: autoDraw = False
115.3764 	EXP 	stim: autoDraw = False
115.3764 	EXP 	mask: autoDraw = False
115.3764 	EXP 	stim: image = 'imgs/4_stim.png'
115.3764 	EXP 	polygon: autoDraw = True
116.2267 	EXP 	polygon: autoDraw = False
116.2434 	EXP 	stim: autoDraw = True
116.2768 	EXP 	stim: autoDraw = False
116.3601 	EXP 	mask: autoDraw = True
116.3935 	EXP 	mask: autoDraw = False
116.6641 	DATA 	Keypress: e
116.6833 	EXP 	New trial (rep=57, index=0): None
116.7103 	EXP 	polygon: autoDraw = False
116.7103 	EXP 	stim: autoDraw = False
116.7103 	EXP 	mask: autoDraw = False
116.7103 	EXP 	stim: image = 'imgs/3_stim.png'
116.7103 	EXP 	polygon: autoDraw = True
117.6773 	EXP 	polygon: autoDraw = False
117.6773 	EXP 	stim: autoDraw = True
117.7108 	EXP 	stim: autoDraw = False
117.8274 	EXP 	mask: autoDraw = True
117.8608 	EXP 	mask: autoDraw = False
118.1173 	EXP 	New trial (rep=58, index=0): None
118.1338 	DATA 	Keypress: d
118.1442 	EXP 	polygon: autoDraw = False
118.1442 	EXP 	stim: autoDraw = False
118.1442 	EXP 	mask: autoDraw = False
118.1442 	EXP 	stim: image = 'imgs/1_stim.png'
118.1442 	EXP 	polygon: autoDraw = True
118.6611 	EXP 	polygon: autoDraw = False
118.9612 	EXP 	stim: autoDraw = True
118.9946 	EXP 	stim: autoDraw = False
119.1113 	EXP 	mask: autoDraw = True
119.1447 	EXP 	mask: autoDraw = False
119.3012 	EXP 	New trial (rep=59, index=0): None
119.3176 	DATA 	Keypress: q
119.3281 	EXP 	polygon: autoDraw = False
119.3281 	EXP 	stim: autoDraw = False
119.3281 	EXP 	mask: autoDraw = False
119.3281 	EXP 	stim: image = 'imgs/2_stim.png'
119.3281 	EXP 	polygon: autoDraw = True
119.9450 	EXP 	polygon: autoDraw = False
120.2952 	EXP 	stim: autoDraw = True
120.3285 	EXP 	stim: autoDraw = False
120.4286 	EXP 	mask: autoDraw = True
120.4619 	EXP 	mask: autoDraw = False
120.6026 	EXP 	New trial (rep=60, index=0): None
120.6188 	DATA 	Keypress: q
120.6286 	EXP 	polygon: autoDraw = False
120.6286 	EXP 	stim: autoDraw = False
120.6286 	EXP 	mask: autoDraw = False
120.6286 	EXP 	stim: image = 'imgs/2_stim.png'
120.6286 	EXP 	polygon: autoDraw = True
121.1622 	EXP 	polygon: autoDraw = False
121.3289 	EXP 	stim: autoDraw = True
121.3623 	EXP 	stim: autoDraw = False
121.4457 	EXP 	mask: autoDraw = True
121.4790 	EXP 	mask: autoDraw = False
121.8022 	EXP 	New trial (rep=61, index=0): None
121.8185 	DATA 	Keypress: q
121.8291 	EXP 	polygon: autoDraw = False
121.8291 	EXP 	stim: autoDraw = False
121.8291 	EXP 	mask: autoDraw = False
121.8291 	EXP 	stim: image = 'imgs/4_stim.png'
121.8291 	EXP 	polygon: autoDraw = True
122.3460 	EXP 	polygon: autoDraw = False
122.6128 	EXP 	stim: autoDraw = True
122.6462 	EXP 	stim: autoDraw = False
122.6795 	EXP 	mask: autoDraw = True
122.7128 	EXP 	mask: autoDraw = False
123.0022 	EXP 	New trial (rep=62, index=0): None
123.0186 	DATA 	Keypress: e
123.0297 	EXP 	polygon: autoDraw = False
123.0297 	EXP 	stim: autoDraw = False
123.0297 	EXP 	mask: autoDraw = False
123.0297 	EXP 	stim: image = 'imgs/3_stim.png'
123.0297 	EXP 	polygon: autoDraw = True
123.8466 	EXP 	polygon: autoDraw = False
123.9467 	EXP 	stim: autoDraw = True
123.9800 	EXP 	stim: autoDraw = False
123.9967 	EXP 	mask: autoDraw = True
124.0301 	EXP 	mask: autoDraw = False
124.4211 	EXP 	New trial (rep=63, index=0): None
124.4375 	DATA 	Keypress: d
124.4469 	EXP 	polygon: autoDraw = False
124.4469 	EXP 	stim: autoDraw = False
124.4469 	EXP 	mask: autoDraw = False
124.4469 	EXP 	stim: image = 'imgs/1_stim.png'
124.4469 	EXP 	polygon: autoDraw = True
124.9638 	EXP 	polygon: autoDraw = False
125.2806 	EXP 	stim: autoDraw = True
125.3140 	EXP 	stim: autoDraw = False
125.4308 	EXP 	mask: autoDraw = True
125.4640 	EXP 	mask: autoDraw = False
125.7203 	EXP 	New trial (rep=64, index=0): None
125.7368 	DATA 	Keypress: a
125.7475 	EXP 	polygon: autoDraw = False
125.7475 	EXP 	stim: autoDraw = False
125.7475 	EXP 	mask: autoDraw = False
125.7475 	EXP 	stim: image = 'imgs/2_stim.png'
125.7475 	EXP 	polygon: autoDraw = True
126.5478 	EXP 	polygon: autoDraw = False
126.6313 	EXP 	stim: autoDraw = True
126.6646 	EXP 	stim: autoDraw = False
126.7146 	EXP 	mask: autoDraw = True
126.7479 	EXP 	mask: autoDraw = False
127.0542 	EXP 	New trial (rep=65, index=0): None
127.0706 	DATA 	Keypress: q
127.0814 	EXP 	polygon: autoDraw = False
127.0814 	EXP 	stim: autoDraw = False
127.0814 	EXP 	mask: autoDraw = False
127.0814 	EXP 	stim: image = 'imgs/3_stim.png'
127.0814 	EXP 	polygon: autoDraw = True
127.7484 	EXP 	polygon: autoDraw = False
127.9985 	EXP 	stim: autoDraw = True
128.0318 	EXP 	stim: autoDraw = False
128.1152 	EXP 	mask: autoDraw = True
128.1485 	EXP 	mask: autoDraw = False
128.4545 	EXP 	New trial (rep=66, index=0): None
128.4727 	DATA 	Keypress: d
128.4820 	EXP 	polygon: autoDraw = False
128.4820 	EXP 	stim: autoDraw = False
128.4820 	EXP 	mask: autoDraw = False
128.4820 	EXP 	stim: image = 'imgs/4_stim.png'
128.4820 	EXP 	polygon: autoDraw = True
129.0989 	EXP 	polygon: autoDraw = False
129.3824 	EXP 	stim: autoDraw = True
129.4157 	EXP 	stim: autoDraw = False
129.4825 	EXP 	mask: autoDraw = True
129.5158 	EXP 	mask: autoDraw = False
129.7700 	DATA 	Keypress: e
129.7892 	EXP 	New trial (rep=67, index=0): None
129.8159 	EXP 	polygon: autoDraw = False
129.8159 	EXP 	stim: autoDraw = False
129.8159 	EXP 	mask: autoDraw = False
129.8159 	EXP 	stim: image = 'imgs/3_stim.png'
129.8159 	EXP 	polygon: autoDraw = True
130.3328 	EXP 	polygon: autoDraw = False
130.4495 	EXP 	stim: autoDraw = True
130.4828 	EXP 	stim: autoDraw = False
130.5829 	EXP 	mask: autoDraw = True
130.6163 	EXP 	mask: autoDraw = False
130.9062 	EXP 	New trial (rep=68, index=0): None
130.9227 	DATA 	Keypress: d
130.9330 	EXP 	polygon: autoDraw = False
130.9330 	EXP 	stim: autoDraw = False
130.9330 	EXP 	mask: autoDraw = False
130.9330 	EXP 	stim: image = 'imgs/1_stim.png'
130.9330 	EXP 	polygon: autoDraw = True
131.4667 	EXP 	polygon: autoDraw = False
131.8168 	EXP 	stim: autoDraw = True
131.8501 	EXP 	stim: autoDraw = False
131.9001 	EXP 	mask: autoDraw = True
131.9335 	EXP 	mask: autoDraw = False
132.3233 	EXP 	New trial (rep=69, index=0): None
132.3396 	DATA 	Keypress: a
132.3504 	EXP 	polygon: autoDraw = False
132.3504 	EXP 	stim: autoDraw = False
132.3504 	EXP 	mask: autoDraw = False
132.3504 	EXP 	stim: image = 'imgs/3_stim.png'
132.3504 	EXP 	polygon: autoDraw = True
133.3174 	EXP 	polygon: autoDraw = False
133.3174 	EXP 	stim: autoDraw = True
133.3508 	EXP 	stim: autoDraw = False
133.3841 	EXP 	mask: autoDraw = True
133.4175 	EXP 	mask: autoDraw = False
134.5721 	DATA 	Keypress: d
134.5915 	EXP 	New trial (rep=70, index=0): None
134.6180 	EXP 	polygon: autoDraw = False
134.6180 	EXP 	stim: autoDraw = False
134.6180 	EXP 	mask: autoDraw = False
134.6180 	EXP 	stim: image = 'imgs/4_stim.png'
134.6180 	EXP 	polygon: autoDraw = True
135.3183 	EXP 	polygon: autoDraw = False
135.6518 	EXP 	stim: autoDraw = True
135.6851 	EXP 	stim: autoDraw = False
135.7018 	EXP 	mask: autoDraw = True
135.7351 	EXP 	mask: autoDraw = False
136.0729 	DATA 	Keypress: e
136.0912 	EXP 	New trial (rep=71, index=0): None
136.1186 	EXP 	polygon: autoDraw = False
136.1186 	EXP 	stim: autoDraw = False
136.1186 	EXP 	mask: autoDraw = False
136.1186 	EXP 	stim: image = 'imgs/1_stim.png'
136.1186 	EXP 	polygon: autoDraw = True
136.8356 	EXP 	polygon: autoDraw = False
137.0690 	EXP 	stim: autoDraw = True
137.1024 	EXP 	stim: autoDraw = False
137.1857 	EXP 	mask: autoDraw = True
137.2191 	EXP 	mask: autoDraw = False
137.4587 	EXP 	New trial (rep=72, index=0): None
137.4759 	DATA 	Keypress: a
137.4859 	EXP 	polygon: autoDraw = False
137.4859 	EXP 	stim: autoDraw = False
137.4859 	EXP 	mask: autoDraw = False
137.4859 	EXP 	stim: image = 'imgs/3_stim.png'
137.4859 	EXP 	polygon: autoDraw = True
138.2196 	EXP 	polygon: autoDraw = False
138.4863 	EXP 	stim: autoDraw = True
138.5196 	EXP 	stim: autoDraw = False
138.5363 	EXP 	mask: autoDraw = True
138.5697 	EXP 	mask: autoDraw = False
138.9434 	EXP 	New trial (rep=73, index=0): None
138.9596 	DATA 	Keypress: d
138.9698 	EXP 	polygon: autoDraw = False
138.9698 	EXP 	stim: autoDraw = False
138.9698 	EXP 	mask: autoDraw = False
138.9698 	EXP 	stim: image = 'imgs/1_stim.png'
138.9698 	EXP 	polygon: autoDraw = True
139.5034 	EXP 	polygon: autoDraw = False
139.9369 	EXP 	stim: autoDraw = True
139.9702 	EXP 	stim: autoDraw = False
140.0203 	EXP 	mask: autoDraw = True
140.0537 	EXP 	mask: autoDraw = False
140.6274 	EXP 	New trial (rep=74, index=0): None
140.6458 	DATA 	Keypress: a
140.6539 	EXP 	polygon: autoDraw = False
140.6539 	EXP 	stim: autoDraw = False
140.6539 	EXP 	mask: autoDraw = False
140.6539 	EXP 	stim: image = 'imgs/4_stim.png'
140.6539 	EXP 	polygon: autoDraw = True
141.4710 	EXP 	polygon: autoDraw = False
141.5376 	EXP 	stim: autoDraw = True
141.5709 	EXP 	stim: autoDraw = False
141.6710 	EXP 	mask: autoDraw = True
141.7044 	EXP 	mask: autoDraw = False
141.9617 	EXP 	New trial (rep=75, index=0): None
141.9800 	DATA 	Keypress: e
141.9879 	EXP 	polygon: autoDraw = False
141.9879 	EXP 	stim: autoDraw = False
141.9879 	EXP 	mask: autoDraw = False
141.9879 	EXP 	stim: image = 'imgs/1_stim.png'
141.9879 	EXP 	polygon: autoDraw = True
142.9717 	EXP 	polygon: autoDraw = False
143.2050 	EXP 	stim: autoDraw = True
143.2384 	EXP 	stim: autoDraw = False
143.3218 	EXP 	mask: autoDraw = True
143.3551 	EXP 	mask: autoDraw = False
143.6956 	EXP 	New trial (rep=76, index=0): None
143.7148 	DATA 	Keypress: a
143.7219 	EXP 	polygon: autoDraw = False
143.7219 	EXP 	stim: autoDraw = False
143.7219 	EXP 	mask: autoDraw = False
143.7219 	EXP 	stim: image = 'imgs/2_stim.png'
143.7219 	EXP 	polygon: autoDraw = True
144.6223 	EXP 	polygon: autoDraw = False
144.8558 	EXP 	stim: autoDraw = True
144.8891 	EXP 	stim: autoDraw = False
144.9891 	EXP 	mask: autoDraw = True
145.0224 	EXP 	mask: autoDraw = False
145.1792 	EXP 	New trial (rep=77, index=0): None
145.1956 	DATA 	Keypress: q
145.2058 	EXP 	polygon: autoDraw = False
145.2058 	EXP 	stim: autoDraw = False
145.2058 	EXP 	mask: autoDraw = False
145.2058 	EXP 	stim: image = 'imgs/2_stim.png'
145.2058 	EXP 	polygon: autoDraw = True
146.1062 	EXP 	polygon: autoDraw = False
146.3897 	EXP 	stim: autoDraw = True
146.4231 	EXP 	stim: autoDraw = False
146.5065 	EXP 	mask: autoDraw = True
146.5398 	EXP 	mask: autoDraw = False
146.7602 	DATA 	Keypress: q
146.7793 	EXP 	New trial (rep=78, index=0): None
146.8066 	EXP 	polygon: autoDraw = False
146.8066 	EXP 	stim: autoDraw = False
146.8066 	EXP 	mask: autoDraw = False
146.8066 	EXP 	stim: image = 'imgs/3_stim.png'
146.8066 	EXP 	polygon: autoDraw = True
147.5736 	EXP 	polygon: autoDraw = False
147.9237 	EXP 	stim: autoDraw = True
147.9570 	EXP 	stim: autoDraw = False
147.9904 	EXP 	mask: autoDraw = True
148.0238 	EXP 	mask: autoDraw = False
148.2610 	DATA 	Keypress: d
148.2803 	EXP 	New trial (rep=79, index=0): None
148.3072 	EXP 	polygon: autoDraw = False
148.3072 	EXP 	stim: autoDraw = False
148.3072 	EXP 	mask: autoDraw = False
148.3072 	EXP 	stim: image = 'imgs/4_stim.png'
148.3072 	EXP 	polygon: autoDraw = True
148.8240 	EXP 	polygon: autoDraw = False
148.9241 	EXP 	stim: autoDraw = True
148.9575 	EXP 	stim: autoDraw = False
149.0742 	EXP 	mask: autoDraw = True
149.1076 	EXP 	mask: autoDraw = False
149.3302 	EXP 	New trial (rep=80, index=0): None
149.3466 	DATA 	Keypress: e
149.3577 	EXP 	polygon: autoDraw = False
149.3577 	EXP 	stim: autoDraw = False
149.3577 	EXP 	mask: autoDraw = False
149.3577 	EXP 	stim: image = 'imgs/1_stim.png'
149.3577 	EXP 	polygon: autoDraw = True
150.2414 	EXP 	polygon: autoDraw = False
150.2580 	EXP 	stim: autoDraw = True
150.2914 	EXP 	stim: autoDraw = False
150.3080 	EXP 	mask: autoDraw = True
150.3414 	EXP 	mask: autoDraw = False
150.8483 	EXP 	New trial (rep=81, index=0): None
150.8648 	DATA 	Keypress: q
150.8750 	EXP 	polygon: autoDraw = False
150.8750 	EXP 	stim: autoDraw = False
150.8750 	EXP 	mask: autoDraw = False
150.8750 	EXP 	stim: image = 'imgs/4_stim.png'
150.8750 	EXP 	polygon: autoDraw = True
151.7920 	EXP 	polygon: autoDraw = False
151.8420 	EXP 	stim: autoDraw = True
151.8754 	EXP 	stim: autoDraw = False
151.9921 	EXP 	mask: autoDraw = True
152.0254 	EXP 	mask: autoDraw = False
152.3302 	DATA 	Keypress: e
152.3483 	EXP 	New trial (rep=82, index=0): None
152.3756 	EXP 	polygon: autoDraw = False
152.3756 	EXP 	stim: autoDraw = False
152.3756 	EXP 	mask: autoDraw = False
152.3756 	EXP 	stim: image = 'imgs/2_stim.png'
152.3756 	EXP 	polygon: autoDraw = True
153.0092 	EXP 	polygon: autoDraw = False
153.0592 	EXP 	stim: autoDraw = True
153.0926 	EXP 	stim: autoDraw = False
153.2093 	EXP 	mask: autoDraw = True
153.2426 	EXP 	mask: autoDraw = False
153.5324 	EXP 	New trial (rep=83, index=0): None
153.5486 	DATA 	Keypress: q
153.5594 	EXP 	polygon: autoDraw = False
153.5594 	EXP 	stim: autoDraw = False
153.5594 	EXP 	mask: autoDraw = False
153.5594 	EXP 	stim: image = 'imgs/2_stim.png'
153.5594 	EXP 	polygon: autoDraw = True
154.3597 	EXP 	polygon: autoDraw = False
154.6432 	EXP 	stim: autoDraw = True
154.6766 	EXP 	stim: autoDraw = False
154.6932 	EXP 	mask: autoDraw = True
154.7266 	EXP 	mask: autoDraw = False
155.2318 	DATA 	Keypress: q
155.2494 	EXP 	New trial (rep=84, index=0): None
155.2768 	EXP 	polygon: autoDraw = False
155.2768 	EXP 	stim: autoDraw = False
155.2768 	EXP 	mask: autoDraw = False
155.2768 	EXP 	stim: image = 'imgs/1_stim.png'
155.2768 	EXP 	polygon: autoDraw = True
155.9938 	EXP 	polygon: autoDraw = False
156.2106 	EXP 	stim: autoDraw = True
156.2439 	EXP 	stim: autoDraw = False
156.2606 	EXP 	mask: autoDraw = True
156.2939 	EXP 	mask: autoDraw = False
156.8172 	EXP 	New trial (rep=85, index=0): None
156.8336 	DATA 	Keypress: d
156.8442 	EXP 	polygon: autoDraw = False
156.8442 	EXP 	stim: autoDraw = False
156.8442 	EXP 	mask: autoDraw = False
156.8442 	EXP 	stim: image = 'imgs/3_stim.png'
156.8442 	EXP 	polygon: autoDraw = True
157.8446 	EXP 	polygon: autoDraw = False
157.9447 	EXP 	stim: autoDraw = True
157.9780 	EXP 	stim: autoDraw = False
158.0614 	EXP 	mask: autoDraw = True
158.0947 	EXP 	mask: autoDraw = False
158.4186 	EXP 	New trial (rep=86, index=0): None
158.4354 	DATA 	Keypress: d
158.4448 	EXP 	polygon: autoDraw = False
158.4448 	EXP 	stim: autoDraw = False
158.4448 	EXP 	mask: autoDraw = False
158.4448 	EXP 	stim: image = 'imgs/1_stim.png'
158.4448 	EXP 	polygon: autoDraw = True
159.1952 	EXP 	polygon: autoDraw = False
159.1952 	EXP 	stim: autoDraw = True
159.2286 	EXP 	stim: autoDraw = False
159.2619 	EXP 	mask: autoDraw = True
159.2953 	EXP 	mask: autoDraw = False
160.0021 	EXP 	New trial (rep=87, index=0): None
160.0184 	DATA 	Keypress: q
160.0289 	EXP 	polygon: autoDraw = False
160.0289 	EXP 	stim: autoDraw = False
160.0289 	EXP 	mask: autoDraw = False
160.0289 	EXP 	stim: image = 'imgs/3_stim.png'
160.0289 	EXP 	polygon: autoDraw = True
160.8626 	EXP 	polygon: autoDraw = False
160.8793 	EXP 	stim: autoDraw = True
160.9126 	EXP 	stim: autoDraw = False
161.0126 	EXP 	mask: autoDraw = True
161.0460 	EXP 	mask: autoDraw = False
161.3838 	DATA 	Keypress: d
161.4022 	EXP 	New trial (rep=88, index=0): None
161.4295 	EXP 	polygon: autoDraw = False
161.4295 	EXP 	stim: autoDraw = False
161.4295 	EXP 	mask: autoDraw = False
161.4295 	EXP 	stim: image = 'imgs/1_stim.png'
161.4295 	EXP 	polygon: autoDraw = True
162.0797 	EXP 	polygon: autoDraw = False
162.1131 	EXP 	stim: autoDraw = True
162.1465 	EXP 	stim: autoDraw = False
162.2299 	EXP 	mask: autoDraw = True
162.2631 	EXP 	mask: autoDraw = False
162.5865 	EXP 	New trial (rep=89, index=0): None
162.6030 	DATA 	Keypress: a
162.6133 	EXP 	polygon: autoDraw = False
162.6133 	EXP 	stim: autoDraw = False
162.6133 	EXP 	mask: autoDraw = False
162.6133 	EXP 	stim: image = 'imgs/1_stim.png'
162.6133 	EXP 	polygon: autoDraw = True
163.5137 	EXP 	polygon: autoDraw = False
163.6304 	EXP 	stim: autoDraw = True
163.6637 	EXP 	stim: autoDraw = False
163.7304 	EXP 	mask: autoDraw = True
163.7748 	EXP 	mask: autoDraw = False
164.0705 	EXP 	New trial (rep=90, index=0): None
164.0869 	DATA 	Keypress: a
164.0973 	EXP 	polygon: autoDraw = False
164.0973 	EXP 	stim: autoDraw = False
164.0973 	EXP 	mask: autoDraw = False
164.0973 	EXP 	stim: image = 'imgs/4_stim.png'
164.0973 	EXP 	polygon: autoDraw = True
165.0810 	EXP 	polygon: autoDraw = False
165.0810 	EXP 	stim: autoDraw = True
165.1144 	EXP 	stim: autoDraw = False
165.2145 	EXP 	mask: autoDraw = True
165.2478 	EXP 	mask: autoDraw = False
165.5541 	EXP 	New trial (rep=91, index=0): None
165.5704 	DATA 	Keypress: e
165.5812 	EXP 	polygon: autoDraw = False
165.5812 	EXP 	stim: autoDraw = False
165.5812 	EXP 	mask: autoDraw = False
165.5812 	EXP 	stim: image = 'imgs/2_stim.png'
165.5812 	EXP 	polygon: autoDraw = True
166.5150 	EXP 	polygon: autoDraw = False
166.6650 	EXP 	stim: autoDraw = True
166.6984 	EXP 	stim: autoDraw = False
166.7485 	EXP 	mask: autoDraw = True
166.7818 	EXP 	mask: autoDraw = False
167.0030 	DATA 	Keypress: q
167.0213 	EXP 	New trial (rep=92, index=0): None
167.0485 	EXP 	polygon: autoDraw = False
167.0485 	EXP 	stim: autoDraw = False
167.0485 	EXP 	mask: autoDraw = False
167.0485 	EXP 	stim: image = 'imgs/3_stim.png'
167.0485 	EXP 	polygon: autoDraw = True
167.6655 	EXP 	polygon: autoDraw = False
167.9823 	EXP 	stim: autoDraw = True
168.0156 	EXP 	stim: autoDraw = False
168.0490 	EXP 	mask: autoDraw = True
168.0823 	EXP 	mask: autoDraw = False
168.4229 	EXP 	New trial (rep=93, index=0): None
168.4398 	DATA 	Keypress: d
168.4491 	EXP 	polygon: autoDraw = False
168.4491 	EXP 	stim: autoDraw = False
168.4491 	EXP 	mask: autoDraw = False
168.4491 	EXP 	stim: image = 'imgs/2_stim.png'
168.4491 	EXP 	polygon: autoDraw = True
169.0661 	EXP 	polygon: autoDraw = False
169.3496 	EXP 	stim: autoDraw = True
169.3829 	EXP 	stim: autoDraw = False
169.3996 	EXP 	mask: autoDraw = True
169.4329 	EXP 	mask: autoDraw = False
169.7061 	EXP 	New trial (rep=94, index=0): None
169.7227 	DATA 	Keypress: q
169.7330 	EXP 	polygon: autoDraw = False
169.7330 	EXP 	stim: autoDraw = False
169.7330 	EXP 	mask: autoDraw = False
169.7330 	EXP 	stim: image = 'imgs/4_stim.png'
169.7330 	EXP 	polygon: autoDraw = True
170.5668 	EXP 	polygon: autoDraw = False
171.0336 	EXP 	stim: autoDraw = True
171.0669 	EXP 	stim: autoDraw = False
171.1336 	EXP 	mask: autoDraw = True
171.1670 	EXP 	mask: autoDraw = False
171.4897 	EXP 	New trial (rep=95, index=0): None
171.5061 	DATA 	Keypress: e
171.5171 	EXP 	polygon: autoDraw = False
171.5171 	EXP 	stim: autoDraw = False
171.5171 	EXP 	mask: autoDraw = False
171.5171 	EXP 	stim: image = 'imgs/2_stim.png'
171.5171 	EXP 	polygon: autoDraw = True
172.2508 	EXP 	polygon: autoDraw = False
172.6510 	EXP 	stim: autoDraw = True
172.6843 	EXP 	stim: autoDraw = False
172.7010 	EXP 	mask: autoDraw = True
172.7343 	EXP 	mask: autoDraw = False
172.9903 	EXP 	New trial (rep=96, index=0): None
173.0069 	DATA 	Keypress: q
173.0178 	EXP 	polygon: autoDraw = False
173.0178 	EXP 	stim: autoDraw = False
173.0178 	EXP 	mask: autoDraw = False
173.0178 	EXP 	stim: image = 'imgs/2_stim.png'
173.0178 	EXP 	polygon: autoDraw = True
173.8348 	EXP 	polygon: autoDraw = False
173.9682 	EXP 	stim: autoDraw = True
174.0016 	EXP 	stim: autoDraw = False
174.0517 	EXP 	mask: autoDraw = True
174.0849 	EXP 	mask: autoDraw = False
174.4060 	DATA 	Keypress: q
174.4244 	EXP 	New trial (rep=97, index=0): None
174.4517 	EXP 	polygon: autoDraw = False
174.4517 	EXP 	stim: autoDraw = False
174.4517 	EXP 	mask: autoDraw = False
174.4517 	EXP 	stim: image = 'imgs/1_stim.png'
174.4517 	EXP 	polygon: autoDraw = True
174.9686 	EXP 	stim: autoDraw = True
174.9853 	EXP 	polygon: autoDraw = False
175.0019 	EXP 	stim: autoDraw = False
175.0520 	EXP 	mask: autoDraw = True
175.0853 	EXP 	mask: autoDraw = False
175.6755 	EXP 	New trial (rep=98, index=0): None
175.6921 	DATA 	Keypress: q
175.7022 	EXP 	polygon: autoDraw = False
175.7022 	EXP 	stim: autoDraw = False
175.7022 	EXP 	mask: autoDraw = False
175.7022 	EXP 	stim: image = 'imgs/4_stim.png'
175.7022 	EXP 	polygon: autoDraw = True
176.4193 	EXP 	polygon: autoDraw = False
176.4526 	EXP 	stim: autoDraw = True
176.4859 	EXP 	stim: autoDraw = False
176.5860 	EXP 	mask: autoDraw = True
176.6193 	EXP 	mask: autoDraw = False
176.9261 	EXP 	New trial (rep=99, index=0): None
176.9426 	DATA 	Keypress: e
176.9528 	EXP 	polygon: autoDraw = False
176.9528 	EXP 	stim: autoDraw = False
176.9528 	EXP 	mask: autoDraw = False
176.9528 	EXP 	stim: image = 'imgs/4_stim.png'
176.9528 	EXP 	polygon: autoDraw = True
177.5197 	EXP 	polygon: autoDraw = False
177.7031 	EXP 	stim: autoDraw = True
177.7365 	EXP 	stim: autoDraw = False
177.7531 	EXP 	mask: autoDraw = True
177.7865 	EXP 	mask: autoDraw = False
178.0961 	DATA 	Keypress: q
178.1033 	EXP 	polygon: autoDraw = False
178.1033 	EXP 	stim: autoDraw = False
178.1033 	EXP 	mask: autoDraw = False
178.1033 	EXP 	text_3: autoDraw = True
180.1042 	EXP 	text_3: autoDraw = False
180.1042 	EXP 	text_3: autoDraw = False
180.2157 	EXP 	window1: mouseVisible = True
